[ 50%] Built target pointcloud_merger_node
[100%] Built target pointcloud_to_laserscan_node
-- Install configuration: ""
-- Up-to-date: /home/fml/ros-main/install/pointcloud_merger/lib/pointcloud_merger/pointcloud_merger_node
-- Up-to-date: /home/fml/ros-main/install/pointcloud_merger/lib/pointcloud_merger/pointcloud_to_laserscan_node
-- Up-to-date: /home/fml/ros-main/install/pointcloud_merger/share/pointcloud_merger/launch
-- Up-to-date: /home/fml/ros-main/install/pointcloud_merger/share/pointcloud_merger/launch/to.launch.py
-- Up-to-date: /home/fml/ros-main/install/pointcloud_merger/share/ament_index/resource_index/package_run_dependencies/pointcloud_merger
-- Up-to-date: /home/fml/ros-main/install/pointcloud_merger/share/ament_index/resource_index/parent_prefix_path/pointcloud_merger
-- Up-to-date: /home/fml/ros-main/install/pointcloud_merger/share/pointcloud_merger/environment/ament_prefix_path.sh
-- Up-to-date: /home/fml/ros-main/install/pointcloud_merger/share/pointcloud_merger/environment/ament_prefix_path.dsv
-- Up-to-date: /home/fml/ros-main/install/pointcloud_merger/share/pointcloud_merger/environment/path.sh
-- Up-to-date: /home/fml/ros-main/install/pointcloud_merger/share/pointcloud_merger/environment/path.dsv
-- Up-to-date: /home/fml/ros-main/install/pointcloud_merger/share/pointcloud_merger/local_setup.bash
-- Up-to-date: /home/fml/ros-main/install/pointcloud_merger/share/pointcloud_merger/local_setup.sh
-- Up-to-date: /home/fml/ros-main/install/pointcloud_merger/share/pointcloud_merger/local_setup.zsh
-- Up-to-date: /home/fml/ros-main/install/pointcloud_merger/share/pointcloud_merger/local_setup.dsv
-- Installing: /home/fml/ros-main/install/pointcloud_merger/share/pointcloud_merger/package.dsv
-- Up-to-date: /home/fml/ros-main/install/pointcloud_merger/share/ament_index/resource_index/packages/pointcloud_merger
-- Up-to-date: /home/fml/ros-main/install/pointcloud_merger/share/pointcloud_merger/cmake/pointcloud_mergerConfig.cmake
-- Up-to-date: /home/fml/ros-main/install/pointcloud_merger/share/pointcloud_merger/cmake/pointcloud_mergerConfig-version.cmake
-- Up-to-date: /home/fml/ros-main/install/pointcloud_merger/share/pointcloud_merger/package.xml
