[0.008s] Invoking command in '/home/fml/ros-main/build/pointcloud_merger': CMAKE_PREFIX_PATH=${CMAKE_PREFIX_PATH}:/opt/ros/humble /usr/bin/cmake --build /home/fml/ros-main/build/pointcloud_merger -- -j2 -l2
[0.169s] [ 50%] Built target pointcloud_merger_node
[0.210s] [100%] Built target pointcloud_to_laserscan_node
[0.228s] Invoked command in '/home/fml/ros-main/build/pointcloud_merger' returned '0': CMAKE_PREFIX_PATH=${CMAKE_PREFIX_PATH}:/opt/ros/humble /usr/bin/cmake --build /home/fml/ros-main/build/pointcloud_merger -- -j2 -l2
[0.234s] Invoking command in '/home/fml/ros-main/build/pointcloud_merger': CMAKE_PREFIX_PATH=${CMAKE_PREFIX_PATH}:/opt/ros/humble /usr/bin/cmake --install /home/fml/ros-main/build/pointcloud_merger
[0.249s] -- Install configuration: ""
[0.251s] -- Up-to-date: /home/fml/ros-main/install/pointcloud_merger/lib/pointcloud_merger/pointcloud_merger_node
[0.251s] -- Up-to-date: /home/fml/ros-main/install/pointcloud_merger/lib/pointcloud_merger/pointcloud_to_laserscan_node
[0.252s] -- Up-to-date: /home/fml/ros-main/install/pointcloud_merger/share/pointcloud_merger/launch
[0.252s] -- Up-to-date: /home/fml/ros-main/install/pointcloud_merger/share/pointcloud_merger/launch/to.launch.py
[0.252s] -- Up-to-date: /home/fml/ros-main/install/pointcloud_merger/share/ament_index/resource_index/package_run_dependencies/pointcloud_merger
[0.252s] -- Up-to-date: /home/fml/ros-main/install/pointcloud_merger/share/ament_index/resource_index/parent_prefix_path/pointcloud_merger
[0.253s] -- Up-to-date: /home/fml/ros-main/install/pointcloud_merger/share/pointcloud_merger/environment/ament_prefix_path.sh
[0.253s] -- Up-to-date: /home/fml/ros-main/install/pointcloud_merger/share/pointcloud_merger/environment/ament_prefix_path.dsv
[0.253s] -- Up-to-date: /home/fml/ros-main/install/pointcloud_merger/share/pointcloud_merger/environment/path.sh
[0.254s] -- Up-to-date: /home/fml/ros-main/install/pointcloud_merger/share/pointcloud_merger/environment/path.dsv
[0.254s] -- Up-to-date: /home/fml/ros-main/install/pointcloud_merger/share/pointcloud_merger/local_setup.bash
[0.254s] -- Up-to-date: /home/fml/ros-main/install/pointcloud_merger/share/pointcloud_merger/local_setup.sh
[0.254s] -- Up-to-date: /home/fml/ros-main/install/pointcloud_merger/share/pointcloud_merger/local_setup.zsh
[0.255s] -- Up-to-date: /home/fml/ros-main/install/pointcloud_merger/share/pointcloud_merger/local_setup.dsv
[0.255s] -- Installing: /home/fml/ros-main/install/pointcloud_merger/share/pointcloud_merger/package.dsv
[0.255s] -- Up-to-date: /home/fml/ros-main/install/pointcloud_merger/share/ament_index/resource_index/packages/pointcloud_merger
[0.256s] -- Up-to-date: /home/fml/ros-main/install/pointcloud_merger/share/pointcloud_merger/cmake/pointcloud_mergerConfig.cmake
[0.256s] -- Up-to-date: /home/fml/ros-main/install/pointcloud_merger/share/pointcloud_merger/cmake/pointcloud_mergerConfig-version.cmake
[0.261s] -- Up-to-date: /home/fml/ros-main/install/pointcloud_merger/share/pointcloud_merger/package.xml
[0.262s] Invoked command in '/home/fml/ros-main/build/pointcloud_merger' returned '0': CMAKE_PREFIX_PATH=${CMAKE_PREFIX_PATH}:/opt/ros/humble /usr/bin/cmake --install /home/fml/ros-main/build/pointcloud_merger
