[0.019s] Invoking command in '/home/fml/ros-main/build/nav2_custom_planner': CMAKE_PREFIX_PATH=/opt/ros/humble /usr/bin/cmake --build /home/fml/ros-main/build/nav2_custom_planner -- -j2 -l2
[0.063s] [35m[1mConsolidate compiler generated dependencies of target nav2_custom_planner_plugin[0m
[0.104s] [100%] Built target nav2_custom_planner_plugin
[0.121s] Invoked command in '/home/fml/ros-main/build/nav2_custom_planner' returned '0': CMAKE_PREFIX_PATH=/opt/ros/humble /usr/bin/cmake --build /home/fml/ros-main/build/nav2_custom_planner -- -j2 -l2
[0.122s] Invoking command in '/home/fml/ros-main/build/nav2_custom_planner': CMAKE_PREFIX_PATH=/opt/ros/humble /usr/bin/cmake --install /home/fml/ros-main/build/nav2_custom_planner
[0.140s] -- Install configuration: ""
[0.141s] -- Up-to-date: /home/fml/ros-main/install/nav2_custom_planner/lib/libnav2_custom_planner_plugin.so
[0.142s] -- Up-to-date: /home/fml/ros-main/install/nav2_custom_planner/include/
[0.142s] -- Up-to-date: /home/fml/ros-main/install/nav2_custom_planner/include//nav2_custom_planner
[0.143s] -- Up-to-date: /home/fml/ros-main/install/nav2_custom_planner/include//nav2_custom_planner/nav2_custom_planner.hpp
[0.143s] -- Up-to-date: /home/fml/ros-main/install/nav2_custom_planner/share/nav2_custom_planner/custom_planner_plugin.xml
[0.143s] -- Up-to-date: /home/fml/ros-main/install/nav2_custom_planner/share/ament_index/resource_index/package_run_dependencies/nav2_custom_planner
[0.145s] -- Up-to-date: /home/fml/ros-main/install/nav2_custom_planner/share/ament_index/resource_index/parent_prefix_path/nav2_custom_planner
[0.145s] -- Up-to-date: /home/fml/ros-main/install/nav2_custom_planner/share/nav2_custom_planner/environment/ament_prefix_path.sh
[0.145s] -- Up-to-date: /home/fml/ros-main/install/nav2_custom_planner/share/nav2_custom_planner/environment/ament_prefix_path.dsv
[0.145s] -- Up-to-date: /home/fml/ros-main/install/nav2_custom_planner/share/nav2_custom_planner/environment/path.sh
[0.145s] -- Up-to-date: /home/fml/ros-main/install/nav2_custom_planner/share/nav2_custom_planner/environment/path.dsv
[0.145s] -- Up-to-date: /home/fml/ros-main/install/nav2_custom_planner/share/nav2_custom_planner/local_setup.bash
[0.145s] -- Up-to-date: /home/fml/ros-main/install/nav2_custom_planner/share/nav2_custom_planner/local_setup.sh
[0.145s] -- Up-to-date: /home/fml/ros-main/install/nav2_custom_planner/share/nav2_custom_planner/local_setup.zsh
[0.145s] -- Up-to-date: /home/fml/ros-main/install/nav2_custom_planner/share/nav2_custom_planner/local_setup.dsv
[0.145s] -- Installing: /home/fml/ros-main/install/nav2_custom_planner/share/nav2_custom_planner/package.dsv
[0.147s] -- Up-to-date: /home/fml/ros-main/install/nav2_custom_planner/share/ament_index/resource_index/packages/nav2_custom_planner
[0.147s] -- Up-to-date: /home/fml/ros-main/install/nav2_custom_planner/share/ament_index/resource_index/nav2_core__pluginlib__plugin/nav2_custom_planner
[0.147s] -- Up-to-date: /home/fml/ros-main/install/nav2_custom_planner/share/nav2_custom_planner/cmake/nav2_custom_plannerConfig.cmake
[0.147s] -- Up-to-date: /home/fml/ros-main/install/nav2_custom_planner/share/nav2_custom_planner/cmake/nav2_custom_plannerConfig-version.cmake
[0.148s] -- Up-to-date: /home/fml/ros-main/install/nav2_custom_planner/share/nav2_custom_planner/package.xml
[0.156s] Invoked command in '/home/fml/ros-main/build/nav2_custom_planner' returned '0': CMAKE_PREFIX_PATH=/opt/ros/humble /usr/bin/cmake --install /home/fml/ros-main/build/nav2_custom_planner
