[0.020s] Invoking command in '/home/fml/ros-main/build/nav2_custom_controller': CMAKE_PREFIX_PATH=${CMAKE_PREFIX_PATH}:/opt/ros/humble /usr/bin/cmake --build /home/fml/ros-main/build/nav2_custom_controller -- -j2 -l2
[0.116s] [100%] Built target nav2_custom_controller
[0.125s] Invoked command in '/home/fml/ros-main/build/nav2_custom_controller' returned '0': CMAKE_PREFIX_PATH=${CMAKE_PREFIX_PATH}:/opt/ros/humble /usr/bin/cmake --build /home/fml/ros-main/build/nav2_custom_controller -- -j2 -l2
[0.127s] Invoking command in '/home/fml/ros-main/build/nav2_custom_controller': CMAKE_PREFIX_PATH=${CMAKE_PREFIX_PATH}:/opt/ros/humble /usr/bin/cmake --install /home/fml/ros-main/build/nav2_custom_controller
[0.136s] -- Install configuration: ""
[0.136s] -- Up-to-date: /home/fml/ros-main/install/nav2_custom_controller/lib/libnav2_custom_controller.so
[0.136s] -- Up-to-date: /home/fml/ros-main/install/nav2_custom_controller/include/
[0.136s] -- Up-to-date: /home/fml/ros-main/install/nav2_custom_controller/include//nav2_custom_controller
[0.136s] -- Up-to-date: /home/fml/ros-main/install/nav2_custom_controller/include//nav2_custom_controller/custom_controller.hpp
[0.136s] -- Up-to-date: /home/fml/ros-main/install/nav2_custom_controller/share/nav2_custom_controller/plugin.xml
[0.136s] -- Up-to-date: /home/fml/ros-main/install/nav2_custom_controller/share/nav2_custom_controller/environment/library_path.sh
[0.136s] -- Up-to-date: /home/fml/ros-main/install/nav2_custom_controller/share/nav2_custom_controller/environment/library_path.dsv
[0.136s] -- Up-to-date: /home/fml/ros-main/install/nav2_custom_controller/share/nav2_custom_controller/plugin.xml
[0.136s] -- Up-to-date: /home/fml/ros-main/install/nav2_custom_controller/share/ament_index/resource_index/package_run_dependencies/nav2_custom_controller
[0.136s] -- Up-to-date: /home/fml/ros-main/install/nav2_custom_controller/share/ament_index/resource_index/parent_prefix_path/nav2_custom_controller
[0.136s] -- Up-to-date: /home/fml/ros-main/install/nav2_custom_controller/share/nav2_custom_controller/environment/ament_prefix_path.sh
[0.136s] -- Up-to-date: /home/fml/ros-main/install/nav2_custom_controller/share/nav2_custom_controller/environment/ament_prefix_path.dsv
[0.136s] -- Up-to-date: /home/fml/ros-main/install/nav2_custom_controller/share/nav2_custom_controller/environment/path.sh
[0.136s] -- Up-to-date: /home/fml/ros-main/install/nav2_custom_controller/share/nav2_custom_controller/environment/path.dsv
[0.136s] -- Up-to-date: /home/fml/ros-main/install/nav2_custom_controller/share/nav2_custom_controller/local_setup.bash
[0.136s] -- Up-to-date: /home/fml/ros-main/install/nav2_custom_controller/share/nav2_custom_controller/local_setup.sh
[0.136s] -- Up-to-date: /home/fml/ros-main/install/nav2_custom_controller/share/nav2_custom_controller/local_setup.zsh
[0.136s] -- Up-to-date: /home/fml/ros-main/install/nav2_custom_controller/share/nav2_custom_controller/local_setup.dsv
[0.136s] -- Installing: /home/fml/ros-main/install/nav2_custom_controller/share/nav2_custom_controller/package.dsv
[0.136s] -- Up-to-date: /home/fml/ros-main/install/nav2_custom_controller/share/ament_index/resource_index/packages/nav2_custom_controller
[0.136s] -- Up-to-date: /home/fml/ros-main/install/nav2_custom_controller/share/ament_index/resource_index/nav2_core__pluginlib__plugin/nav2_custom_controller
[0.136s] -- Up-to-date: /home/fml/ros-main/install/nav2_custom_controller/share/nav2_custom_controller/cmake/ament_cmake_export_include_directories-extras.cmake
[0.136s] -- Up-to-date: /home/fml/ros-main/install/nav2_custom_controller/share/nav2_custom_controller/cmake/ament_cmake_export_libraries-extras.cmake
[0.136s] -- Up-to-date: /home/fml/ros-main/install/nav2_custom_controller/share/nav2_custom_controller/cmake/ament_cmake_export_dependencies-extras.cmake
[0.136s] -- Up-to-date: /home/fml/ros-main/install/nav2_custom_controller/share/nav2_custom_controller/cmake/nav2_custom_controllerConfig.cmake
[0.136s] -- Up-to-date: /home/fml/ros-main/install/nav2_custom_controller/share/nav2_custom_controller/cmake/nav2_custom_controllerConfig-version.cmake
[0.137s] -- Up-to-date: /home/fml/ros-main/install/nav2_custom_controller/share/nav2_custom_controller/package.xml
[0.138s] Invoked command in '/home/fml/ros-main/build/nav2_custom_controller' returned '0': CMAKE_PREFIX_PATH=${CMAKE_PREFIX_PATH}:/opt/ros/humble /usr/bin/cmake --install /home/fml/ros-main/build/nav2_custom_controller
