[0.027s] Invoking command in '/home/fml/ros-main/build/fishbot_navigation2': CMAKE_PREFIX_PATH=/opt/ros/humble /usr/bin/cmake --build /home/fml/ros-main/build/fishbot_navigation2 -- -j2 -l2
[0.059s] Invoked command in '/home/fml/ros-main/build/fishbot_navigation2' returned '0': CMAKE_PREFIX_PATH=/opt/ros/humble /usr/bin/cmake --build /home/fml/ros-main/build/fishbot_navigation2 -- -j2 -l2
[0.067s] Invoking command in '/home/fml/ros-main/build/fishbot_navigation2': CMAKE_PREFIX_PATH=/opt/ros/humble /usr/bin/cmake --install /home/fml/ros-main/build/fishbot_navigation2
[0.069s] -- Install configuration: ""
[0.072s] -- Up-to-date: /home/fml/ros-main/install/fishbot_navigation2/share/fishbot_navigation2/launch
[0.073s] -- Up-to-date: /home/fml/ros-main/install/fishbot_navigation2/share/fishbot_navigation2/launch/navigation2.launch.py
[0.074s] -- Up-to-date: /home/fml/ros-main/install/fishbot_navigation2/share/fishbot_navigation2/maps
[0.074s] -- Up-to-date: /home/fml/ros-main/install/fishbot_navigation2/share/fishbot_navigation2/maps/room.pgm
[0.074s] -- Up-to-date: /home/fml/ros-main/install/fishbot_navigation2/share/fishbot_navigation2/maps/room.yaml
[0.075s] -- Up-to-date: /home/fml/ros-main/install/fishbot_navigation2/share/fishbot_navigation2/config
[0.075s] -- Up-to-date: /home/fml/ros-main/install/fishbot_navigation2/share/fishbot_navigation2/config/nav2_params.yaml
[0.075s] -- Up-to-date: /home/fml/ros-main/install/fishbot_navigation2/share/ament_index/resource_index/package_run_dependencies/fishbot_navigation2
[0.075s] -- Up-to-date: /home/fml/ros-main/install/fishbot_navigation2/share/ament_index/resource_index/parent_prefix_path/fishbot_navigation2
[0.075s] -- Up-to-date: /home/fml/ros-main/install/fishbot_navigation2/share/fishbot_navigation2/environment/ament_prefix_path.sh
[0.078s] -- Up-to-date: /home/fml/ros-main/install/fishbot_navigation2/share/fishbot_navigation2/environment/ament_prefix_path.dsv
[0.078s] -- Up-to-date: /home/fml/ros-main/install/fishbot_navigation2/share/fishbot_navigation2/environment/path.sh
[0.078s] -- Up-to-date: /home/fml/ros-main/install/fishbot_navigation2/share/fishbot_navigation2/environment/path.dsv
[0.079s] -- Up-to-date: /home/fml/ros-main/install/fishbot_navigation2/share/fishbot_navigation2/local_setup.bash
[0.079s] -- Up-to-date: /home/fml/ros-main/install/fishbot_navigation2/share/fishbot_navigation2/local_setup.sh
[0.079s] -- Up-to-date: /home/fml/ros-main/install/fishbot_navigation2/share/fishbot_navigation2/local_setup.zsh
[0.085s] -- Up-to-date: /home/fml/ros-main/install/fishbot_navigation2/share/fishbot_navigation2/local_setup.dsv
[0.085s] -- Up-to-date: /home/fml/ros-main/install/fishbot_navigation2/share/fishbot_navigation2/package.dsv
[0.085s] -- Up-to-date: /home/fml/ros-main/install/fishbot_navigation2/share/ament_index/resource_index/packages/fishbot_navigation2
[0.085s] -- Up-to-date: /home/fml/ros-main/install/fishbot_navigation2/share/fishbot_navigation2/cmake/fishbot_navigation2Config.cmake
[0.085s] -- Up-to-date: /home/fml/ros-main/install/fishbot_navigation2/share/fishbot_navigation2/cmake/fishbot_navigation2Config-version.cmake
[0.085s] -- Up-to-date: /home/fml/ros-main/install/fishbot_navigation2/share/fishbot_navigation2/package.xml
[0.085s] Invoked command in '/home/fml/ros-main/build/fishbot_navigation2' returned '0': CMAKE_PREFIX_PATH=/opt/ros/humble /usr/bin/cmake --install /home/fml/ros-main/build/fishbot_navigation2
