[0.001s] Invoking command in '/home/fml/ros-main/build/pointcloud_merger': CMAKE_PREFIX_PATH=/opt/ros/humble /usr/bin/cmake /home/fml/ros-main/src/pointcloud_merger -DCMAKE_INSTALL_PREFIX=/home/fml/ros-main/install/pointcloud_merger
[0.018s] -- Found ament_cmake: 1.3.11 (/opt/ros/humble/share/ament_cmake/cmake)
[0.132s] -- Found rclcpp: 16.0.12 (/opt/ros/humble/share/rclcpp/cmake)
[0.153s] -- Found rosidl_generator_c: 3.1.6 (/opt/ros/humble/share/rosidl_generator_c/cmake)
[0.153s] -- Found rosidl_adapter: 3.1.6 (/opt/ros/humble/share/rosidl_adapter/cmake)
[0.156s] -- Found rosidl_generator_cpp: 3.1.6 (/opt/ros/humble/share/rosidl_generator_cpp/cmake)
[0.163s] -- Using all available rosidl_typesupport_c: rosidl_typesupport_fastrtps_c;rosidl_typesupport_introspection_c
[0.173s] -- Using all available rosidl_typesupport_cpp: rosidl_typesupport_fastrtps_cpp;rosidl_typesupport_introspection_cpp
[0.206s] -- Found rmw_implementation_cmake: 6.1.2 (/opt/ros/humble/share/rmw_implementation_cmake/cmake)
[0.207s] -- Found rmw_fastrtps_cpp: 6.2.7 (/opt/ros/humble/share/rmw_fastrtps_cpp/cmake)
[0.289s] -- Using RMW implementation 'rmw_fastrtps_cpp' as default
[0.329s] -- Found sensor_msgs: 4.8.0 (/opt/ros/humble/share/sensor_msgs/cmake)
[0.349s] -- Found pcl_conversions: 2.4.5 (/opt/ros/humble/share/pcl_conversions/cmake)
[0.370s] -- Eigen found (include: /usr/include/eigen3, version: 3.4.0)
[0.394s] -- FLANN found (include: /usr/include, lib: /usr/lib/x86_64-linux-gnu/libflann_cpp.so)
[0.602s] -- OpenNI found (version: 1.5.4.0, include: /usr/include/ni, lib: /usr/lib/libOpenNI.so;libusb::libusb)
[0.605s] -- OpenNI2 found (version: 2.2.0.33, include: /usr/include/openni2, lib: /usr/lib/x86_64-linux-gnu/libOpenNI2.so;libusb::libusb)
[0.713s] -- Eigen found (include: /usr/include/eigen3, version: 3.4.0)
[0.716s] -- OpenNI found (version: 1.5.4.0, include: /usr/include/ni, lib: /usr/lib/libOpenNI.so;libusb::libusb)
[0.721s] -- OpenNI2 found (version: 2.2.0.33, include: /usr/include/openni2, lib: /usr/lib/x86_64-linux-gnu/libOpenNI2.so;libusb::libusb)
[0.817s] -- Found Qhull version 8.0.2
[0.936s] -- OpenNI found (version: 1.5.4.0, include: /usr/include/ni, lib: /usr/lib/libOpenNI.so;libusb::libusb)
[1.040s] -- Found pcl_ros: 2.4.5 (/opt/ros/humble/share/pcl_ros/cmake)
[1.067s] -- Found eigen3_cmake_module: 0.1.1 (/opt/ros/humble/share/eigen3_cmake_module/cmake)
[1.069s] -- Found Eigen3: TRUE (found version "3.4.0") 
[1.069s] -- Ensuring Eigen3 include directory is part of orocos-kdl CMake target
[1.128s] -- Found tf2_eigen: 0.25.12 (/opt/ros/humble/share/tf2_eigen/cmake)
[1.132s] -- Found laser_geometry: 2.4.0 (/opt/ros/humble/share/laser_geometry/cmake)
[1.136s] -- Found tf2_sensor_msgs: 0.25.12 (/opt/ros/humble/share/tf2_sensor_msgs/cmake)
[1.139s] -- Found ament_lint_auto: 0.12.12 (/opt/ros/humble/share/ament_lint_auto/cmake)
[1.262s] -- Added test 'cppcheck' to perform static code analysis on C / C++ code
[1.262s] -- Configured cppcheck include dirs: 
[1.262s] -- Configured cppcheck exclude dirs and/or files: 
[1.262s] -- Added test 'flake8' to check Python code syntax and style conventions
[1.262s] -- Added test 'lint_cmake' to check CMake code style
[1.263s] -- Added test 'pep257' to check Python code against some of the docstring style conventions in PEP 257
[1.268s] -- Added test 'uncrustify' to check C / C++ code style
[1.268s] -- Configured uncrustify additional arguments: 
[1.268s] -- Added test 'xmllint' to check XML markup files
[1.268s] -- Configuring done
[1.351s] -- Generating done
[1.362s] -- Build files have been written to: /home/fml/ros-main/build/pointcloud_merger
[1.382s] Invoked command in '/home/fml/ros-main/build/pointcloud_merger' returned '0': CMAKE_PREFIX_PATH=/opt/ros/humble /usr/bin/cmake /home/fml/ros-main/src/pointcloud_merger -DCMAKE_INSTALL_PREFIX=/home/fml/ros-main/install/pointcloud_merger
[1.382s] Invoking command in '/home/fml/ros-main/build/pointcloud_merger': CMAKE_PREFIX_PATH=/opt/ros/humble /usr/bin/cmake --build /home/fml/ros-main/build/pointcloud_merger -- -j2 -l2
[1.418s] [ 25%] [32mBuilding CXX object CMakeFiles/pointcloud_merger_node.dir/src/pointcloud_merger_node.cpp.o[0m
[1.419s] [ 50%] [32mBuilding CXX object CMakeFiles/pointcloud_to_laserscan_node.dir/src/pointcloud_to_laserscan_node.cpp.o[0m
[16.568s] [ 75%] [32m[1mLinking CXX executable pointcloud_to_laserscan_node[0m
[18.403s] [ 75%] Built target pointcloud_to_laserscan_node
[20.225s] [100%] [32m[1mLinking CXX executable pointcloud_merger_node[0m
[21.015s] [100%] Built target pointcloud_merger_node
[21.088s] Invoked command in '/home/fml/ros-main/build/pointcloud_merger' returned '0': CMAKE_PREFIX_PATH=/opt/ros/humble /usr/bin/cmake --build /home/fml/ros-main/build/pointcloud_merger -- -j2 -l2
[21.113s] Invoking command in '/home/fml/ros-main/build/pointcloud_merger': CMAKE_PREFIX_PATH=/opt/ros/humble /usr/bin/cmake --install /home/fml/ros-main/build/pointcloud_merger
[21.119s] -- Install configuration: ""
[21.119s] -- Installing: /home/fml/ros-main/install/pointcloud_merger/lib/pointcloud_merger/pointcloud_merger_node
[21.122s] -- Set runtime path of "/home/fml/ros-main/install/pointcloud_merger/lib/pointcloud_merger/pointcloud_merger_node" to ""
[21.126s] -- Installing: /home/fml/ros-main/install/pointcloud_merger/lib/pointcloud_merger/pointcloud_to_laserscan_node
[21.126s] -- Set runtime path of "/home/fml/ros-main/install/pointcloud_merger/lib/pointcloud_merger/pointcloud_to_laserscan_node" to ""
[21.126s] -- Installing: /home/fml/ros-main/install/pointcloud_merger/share/pointcloud_merger/launch
[21.126s] -- Installing: /home/fml/ros-main/install/pointcloud_merger/share/pointcloud_merger/launch/to.launch.py
[21.126s] -- Installing: /home/fml/ros-main/install/pointcloud_merger/share/ament_index/resource_index/package_run_dependencies/pointcloud_merger
[21.126s] -- Installing: /home/fml/ros-main/install/pointcloud_merger/share/ament_index/resource_index/parent_prefix_path/pointcloud_merger
[21.126s] -- Installing: /home/fml/ros-main/install/pointcloud_merger/share/pointcloud_merger/environment/ament_prefix_path.sh
[21.127s] -- Installing: /home/fml/ros-main/install/pointcloud_merger/share/pointcloud_merger/environment/ament_prefix_path.dsv
[21.127s] -- Installing: /home/fml/ros-main/install/pointcloud_merger/share/pointcloud_merger/environment/path.sh
[21.127s] -- Installing: /home/fml/ros-main/install/pointcloud_merger/share/pointcloud_merger/environment/path.dsv
[21.127s] -- Installing: /home/fml/ros-main/install/pointcloud_merger/share/pointcloud_merger/local_setup.bash
[21.127s] -- Installing: /home/fml/ros-main/install/pointcloud_merger/share/pointcloud_merger/local_setup.sh
[21.127s] -- Installing: /home/fml/ros-main/install/pointcloud_merger/share/pointcloud_merger/local_setup.zsh
[21.127s] -- Installing: /home/fml/ros-main/install/pointcloud_merger/share/pointcloud_merger/local_setup.dsv
[21.127s] -- Installing: /home/fml/ros-main/install/pointcloud_merger/share/pointcloud_merger/package.dsv
[21.127s] -- Installing: /home/fml/ros-main/install/pointcloud_merger/share/ament_index/resource_index/packages/pointcloud_merger
[21.127s] -- Installing: /home/fml/ros-main/install/pointcloud_merger/share/pointcloud_merger/cmake/pointcloud_mergerConfig.cmake
[21.127s] -- Installing: /home/fml/ros-main/install/pointcloud_merger/share/pointcloud_merger/cmake/pointcloud_mergerConfig-version.cmake
[21.128s] -- Installing: /home/fml/ros-main/install/pointcloud_merger/share/pointcloud_merger/package.xml
[21.139s] Invoked command in '/home/fml/ros-main/build/pointcloud_merger' returned '0': CMAKE_PREFIX_PATH=/opt/ros/humble /usr/bin/cmake --install /home/fml/ros-main/build/pointcloud_merger
