[0.100s] DEBUG:colcon:Command line arguments: ['/usr/bin/colcon', 'build']
[0.100s] DEBUG:colcon:Parsed command line arguments: Namespace(log_base=None, log_level=None, verb_name='build', build_base='build', install_base='install', merge_install=False, symlink_install=False, test_result_base=None, continue_on_error=False, executor='parallel', parallel_workers=2, event_handlers=None, ignore_user_meta=False, metas=['./colcon.meta'], base_paths=['.'], packages_ignore=None, packages_ignore_regex=None, paths=None, packages_up_to=None, packages_up_to_regex=None, packages_above=None, packages_above_and_dependencies=None, packages_above_depth=None, packages_select_by_dep=None, packages_skip_by_dep=None, packages_skip_up_to=None, packages_select_build_failed=False, packages_skip_build_finished=False, packages_select_test_failures=False, packages_skip_test_passed=False, packages_select=None, packages_skip=None, packages_select_regex=None, packages_skip_regex=None, packages_start=None, packages_end=None, allow_overriding=[], cmake_args=None, cmake_target=None, cmake_target_skip_unavailable=False, cmake_clean_cache=False, cmake_clean_first=False, cmake_force_configure=False, ament_cmake_args=None, catkin_cmake_args=None, catkin_skip_building_tests=False, verb_parser=<colcon_defaults.argument_parser.defaults.DefaultArgumentsDecorator object at 0x75d671c27a00>, verb_extension=<colcon_core.verb.build.BuildVerb object at 0x75d671d6cd60>, main=<bound method BuildVerb.main of <colcon_core.verb.build.BuildVerb object at 0x75d671d6cd60>>)
[0.236s] Level 1:colcon.colcon_core.package_discovery:discover_packages(colcon_meta) check parameters
[0.237s] Level 1:colcon.colcon_core.package_discovery:discover_packages(recursive) check parameters
[0.237s] Level 1:colcon.colcon_core.package_discovery:discover_packages(ignore) check parameters
[0.237s] Level 1:colcon.colcon_core.package_discovery:discover_packages(path) check parameters
[0.237s] Level 1:colcon.colcon_core.package_discovery:discover_packages(colcon_meta) discover
[0.237s] Level 1:colcon.colcon_core.package_discovery:discover_packages(recursive) discover
[0.237s] INFO:colcon.colcon_core.package_discovery:Crawling recursively for packages in '/home/fml/ros-main'
[0.237s] Level 1:colcon.colcon_core.package_identification:_identify(.) by extensions ['ignore', 'ignore_ament_install']
[0.237s] Level 1:colcon.colcon_core.package_identification:_identify(.) by extension 'ignore'
[0.237s] Level 1:colcon.colcon_core.package_identification:_identify(.) by extension 'ignore_ament_install'
[0.237s] Level 1:colcon.colcon_core.package_identification:_identify(.) by extensions ['colcon_pkg']
[0.237s] Level 1:colcon.colcon_core.package_identification:_identify(.) by extension 'colcon_pkg'
[0.237s] Level 1:colcon.colcon_core.package_identification:_identify(.) by extensions ['colcon_meta']
[0.237s] Level 1:colcon.colcon_core.package_identification:_identify(.) by extension 'colcon_meta'
[0.237s] Level 1:colcon.colcon_core.package_identification:_identify(.) by extensions ['ros']
[0.237s] Level 1:colcon.colcon_core.package_identification:_identify(.) by extension 'ros'
[0.245s] Level 1:colcon.colcon_core.package_identification:_identify(.) by extensions ['cmake', 'python']
[0.245s] Level 1:colcon.colcon_core.package_identification:_identify(.) by extension 'cmake'
[0.245s] Level 1:colcon.colcon_core.package_identification:_identify(.) by extension 'python'
[0.245s] Level 1:colcon.colcon_core.package_identification:_identify(.) by extensions ['python_setup_py']
[0.245s] Level 1:colcon.colcon_core.package_identification:_identify(.) by extension 'python_setup_py'
[0.246s] Level 1:colcon.colcon_core.package_identification:_identify(build) by extensions ['ignore', 'ignore_ament_install']
[0.246s] Level 1:colcon.colcon_core.package_identification:_identify(build) by extension 'ignore'
[0.246s] Level 1:colcon.colcon_core.package_identification:_identify(build) ignored
[0.246s] Level 1:colcon.colcon_core.package_identification:_identify(install) by extensions ['ignore', 'ignore_ament_install']
[0.246s] Level 1:colcon.colcon_core.package_identification:_identify(install) by extension 'ignore'
[0.246s] Level 1:colcon.colcon_core.package_identification:_identify(install) ignored
[0.246s] Level 1:colcon.colcon_core.package_identification:_identify(log) by extensions ['ignore', 'ignore_ament_install']
[0.246s] Level 1:colcon.colcon_core.package_identification:_identify(log) by extension 'ignore'
[0.246s] Level 1:colcon.colcon_core.package_identification:_identify(log) ignored
[0.246s] Level 1:colcon.colcon_core.package_identification:_identify(src) by extensions ['ignore', 'ignore_ament_install']
[0.246s] Level 1:colcon.colcon_core.package_identification:_identify(src) by extension 'ignore'
[0.246s] Level 1:colcon.colcon_core.package_identification:_identify(src) by extension 'ignore_ament_install'
[0.246s] Level 1:colcon.colcon_core.package_identification:_identify(src) by extensions ['colcon_pkg']
[0.246s] Level 1:colcon.colcon_core.package_identification:_identify(src) by extension 'colcon_pkg'
[0.246s] Level 1:colcon.colcon_core.package_identification:_identify(src) by extensions ['colcon_meta']
[0.246s] Level 1:colcon.colcon_core.package_identification:_identify(src) by extension 'colcon_meta'
[0.246s] Level 1:colcon.colcon_core.package_identification:_identify(src) by extensions ['ros']
[0.246s] Level 1:colcon.colcon_core.package_identification:_identify(src) by extension 'ros'
[0.246s] Level 1:colcon.colcon_core.package_identification:_identify(src) by extensions ['cmake', 'python']
[0.246s] Level 1:colcon.colcon_core.package_identification:_identify(src) by extension 'cmake'
[0.246s] Level 1:colcon.colcon_core.package_identification:_identify(src) by extension 'python'
[0.246s] Level 1:colcon.colcon_core.package_identification:_identify(src) by extensions ['python_setup_py']
[0.246s] Level 1:colcon.colcon_core.package_identification:_identify(src) by extension 'python_setup_py'
[0.246s] Level 1:colcon.colcon_core.package_identification:_identify(src/fishbot_description) by extensions ['ignore', 'ignore_ament_install']
[0.246s] Level 1:colcon.colcon_core.package_identification:_identify(src/fishbot_description) by extension 'ignore'
[0.246s] Level 1:colcon.colcon_core.package_identification:_identify(src/fishbot_description) by extension 'ignore_ament_install'
[0.247s] Level 1:colcon.colcon_core.package_identification:_identify(src/fishbot_description) by extensions ['colcon_pkg']
[0.247s] Level 1:colcon.colcon_core.package_identification:_identify(src/fishbot_description) by extension 'colcon_pkg'
[0.247s] Level 1:colcon.colcon_core.package_identification:_identify(src/fishbot_description) by extensions ['colcon_meta']
[0.247s] Level 1:colcon.colcon_core.package_identification:_identify(src/fishbot_description) by extension 'colcon_meta'
[0.247s] Level 1:colcon.colcon_core.package_identification:_identify(src/fishbot_description) by extensions ['ros']
[0.247s] Level 1:colcon.colcon_core.package_identification:_identify(src/fishbot_description) by extension 'ros'
[0.248s] DEBUG:colcon.colcon_core.package_identification:Package 'src/fishbot_description' with type 'ros.ament_cmake' and name 'fishbot_description'
[0.248s] Level 1:colcon.colcon_core.package_identification:_identify(src/fishbot_navigation2) by extensions ['ignore', 'ignore_ament_install']
[0.248s] Level 1:colcon.colcon_core.package_identification:_identify(src/fishbot_navigation2) by extension 'ignore'
[0.248s] Level 1:colcon.colcon_core.package_identification:_identify(src/fishbot_navigation2) by extension 'ignore_ament_install'
[0.249s] Level 1:colcon.colcon_core.package_identification:_identify(src/fishbot_navigation2) by extensions ['colcon_pkg']
[0.249s] Level 1:colcon.colcon_core.package_identification:_identify(src/fishbot_navigation2) by extension 'colcon_pkg'
[0.249s] Level 1:colcon.colcon_core.package_identification:_identify(src/fishbot_navigation2) by extensions ['colcon_meta']
[0.249s] Level 1:colcon.colcon_core.package_identification:_identify(src/fishbot_navigation2) by extension 'colcon_meta'
[0.249s] Level 1:colcon.colcon_core.package_identification:_identify(src/fishbot_navigation2) by extensions ['ros']
[0.249s] Level 1:colcon.colcon_core.package_identification:_identify(src/fishbot_navigation2) by extension 'ros'
[0.249s] DEBUG:colcon.colcon_core.package_identification:Package 'src/fishbot_navigation2' with type 'ros.ament_cmake' and name 'fishbot_navigation2'
[0.249s] Level 1:colcon.colcon_core.package_identification:_identify(src/nav2_custom_controller) by extensions ['ignore', 'ignore_ament_install']
[0.249s] Level 1:colcon.colcon_core.package_identification:_identify(src/nav2_custom_controller) by extension 'ignore'
[0.249s] Level 1:colcon.colcon_core.package_identification:_identify(src/nav2_custom_controller) by extension 'ignore_ament_install'
[0.249s] Level 1:colcon.colcon_core.package_identification:_identify(src/nav2_custom_controller) by extensions ['colcon_pkg']
[0.249s] Level 1:colcon.colcon_core.package_identification:_identify(src/nav2_custom_controller) by extension 'colcon_pkg'
[0.249s] Level 1:colcon.colcon_core.package_identification:_identify(src/nav2_custom_controller) by extensions ['colcon_meta']
[0.249s] Level 1:colcon.colcon_core.package_identification:_identify(src/nav2_custom_controller) by extension 'colcon_meta'
[0.249s] Level 1:colcon.colcon_core.package_identification:_identify(src/nav2_custom_controller) by extensions ['ros']
[0.249s] Level 1:colcon.colcon_core.package_identification:_identify(src/nav2_custom_controller) by extension 'ros'
[0.250s] DEBUG:colcon.colcon_core.package_identification:Package 'src/nav2_custom_controller' with type 'ros.ament_cmake' and name 'nav2_custom_controller'
[0.250s] Level 1:colcon.colcon_core.package_identification:_identify(src/nav2_custom_planner) by extensions ['ignore', 'ignore_ament_install']
[0.250s] Level 1:colcon.colcon_core.package_identification:_identify(src/nav2_custom_planner) by extension 'ignore'
[0.250s] Level 1:colcon.colcon_core.package_identification:_identify(src/nav2_custom_planner) by extension 'ignore_ament_install'
[0.250s] Level 1:colcon.colcon_core.package_identification:_identify(src/nav2_custom_planner) by extensions ['colcon_pkg']
[0.250s] Level 1:colcon.colcon_core.package_identification:_identify(src/nav2_custom_planner) by extension 'colcon_pkg'
[0.250s] Level 1:colcon.colcon_core.package_identification:_identify(src/nav2_custom_planner) by extensions ['colcon_meta']
[0.250s] Level 1:colcon.colcon_core.package_identification:_identify(src/nav2_custom_planner) by extension 'colcon_meta'
[0.250s] Level 1:colcon.colcon_core.package_identification:_identify(src/nav2_custom_planner) by extensions ['ros']
[0.250s] Level 1:colcon.colcon_core.package_identification:_identify(src/nav2_custom_planner) by extension 'ros'
[0.251s] DEBUG:colcon.colcon_core.package_identification:Package 'src/nav2_custom_planner' with type 'ros.ament_cmake' and name 'nav2_custom_planner'
[0.251s] Level 1:colcon.colcon_core.package_identification:_identify(src/pointcloud_merger) by extensions ['ignore', 'ignore_ament_install']
[0.251s] Level 1:colcon.colcon_core.package_identification:_identify(src/pointcloud_merger) by extension 'ignore'
[0.251s] Level 1:colcon.colcon_core.package_identification:_identify(src/pointcloud_merger) by extension 'ignore_ament_install'
[0.251s] Level 1:colcon.colcon_core.package_identification:_identify(src/pointcloud_merger) by extensions ['colcon_pkg']
[0.251s] Level 1:colcon.colcon_core.package_identification:_identify(src/pointcloud_merger) by extension 'colcon_pkg'
[0.251s] Level 1:colcon.colcon_core.package_identification:_identify(src/pointcloud_merger) by extensions ['colcon_meta']
[0.251s] Level 1:colcon.colcon_core.package_identification:_identify(src/pointcloud_merger) by extension 'colcon_meta'
[0.251s] Level 1:colcon.colcon_core.package_identification:_identify(src/pointcloud_merger) by extensions ['ros']
[0.251s] Level 1:colcon.colcon_core.package_identification:_identify(src/pointcloud_merger) by extension 'ros'
[0.252s] DEBUG:colcon.colcon_core.package_identification:Package 'src/pointcloud_merger' with type 'ros.ament_cmake' and name 'pointcloud_merger'
[0.252s] Level 1:colcon.colcon_core.package_discovery:discover_packages(recursive) using defaults
[0.252s] Level 1:colcon.colcon_core.package_discovery:discover_packages(ignore) discover
[0.252s] Level 1:colcon.colcon_core.package_discovery:discover_packages(ignore) using defaults
[0.252s] Level 1:colcon.colcon_core.package_discovery:discover_packages(path) discover
[0.252s] Level 1:colcon.colcon_core.package_discovery:discover_packages(path) using defaults
[0.270s] Level 1:colcon.colcon_core.package_discovery:discover_packages(prefix_path) check parameters
[0.270s] Level 1:colcon.colcon_core.package_discovery:discover_packages(prefix_path) discover
[0.272s] DEBUG:colcon.colcon_installed_package_information.package_discovery:Found 5 installed packages in /home/fml/ros-main/install
[0.273s] DEBUG:colcon.colcon_installed_package_information.package_discovery:Found 361 installed packages in /opt/ros/humble
[0.280s] Level 1:colcon.colcon_core.package_discovery:discover_packages(prefix_path) using defaults
[0.307s] Level 5:colcon.colcon_core.verb:set package 'fishbot_description' build argument 'cmake_args' from command line to 'None'
[0.307s] Level 5:colcon.colcon_core.verb:set package 'fishbot_description' build argument 'cmake_target' from command line to 'None'
[0.307s] Level 5:colcon.colcon_core.verb:set package 'fishbot_description' build argument 'cmake_target_skip_unavailable' from command line to 'False'
[0.307s] Level 5:colcon.colcon_core.verb:set package 'fishbot_description' build argument 'cmake_clean_cache' from command line to 'False'
[0.307s] Level 5:colcon.colcon_core.verb:set package 'fishbot_description' build argument 'cmake_clean_first' from command line to 'False'
[0.307s] Level 5:colcon.colcon_core.verb:set package 'fishbot_description' build argument 'cmake_force_configure' from command line to 'False'
[0.307s] Level 5:colcon.colcon_core.verb:set package 'fishbot_description' build argument 'ament_cmake_args' from command line to 'None'
[0.307s] Level 5:colcon.colcon_core.verb:set package 'fishbot_description' build argument 'catkin_cmake_args' from command line to 'None'
[0.308s] Level 5:colcon.colcon_core.verb:set package 'fishbot_description' build argument 'catkin_skip_building_tests' from command line to 'False'
[0.308s] DEBUG:colcon.colcon_core.verb:Building package 'fishbot_description' with the following arguments: {'ament_cmake_args': None, 'build_base': '/home/fml/ros-main/build/fishbot_description', 'catkin_cmake_args': None, 'catkin_skip_building_tests': False, 'cmake_args': None, 'cmake_clean_cache': False, 'cmake_clean_first': False, 'cmake_force_configure': False, 'cmake_target': None, 'cmake_target_skip_unavailable': False, 'install_base': '/home/fml/ros-main/install/fishbot_description', 'merge_install': False, 'path': '/home/fml/ros-main/src/fishbot_description', 'symlink_install': False, 'test_result_base': None}
[0.308s] Level 5:colcon.colcon_core.verb:set package 'fishbot_navigation2' build argument 'cmake_args' from command line to 'None'
[0.308s] Level 5:colcon.colcon_core.verb:set package 'fishbot_navigation2' build argument 'cmake_target' from command line to 'None'
[0.308s] Level 5:colcon.colcon_core.verb:set package 'fishbot_navigation2' build argument 'cmake_target_skip_unavailable' from command line to 'False'
[0.308s] Level 5:colcon.colcon_core.verb:set package 'fishbot_navigation2' build argument 'cmake_clean_cache' from command line to 'False'
[0.308s] Level 5:colcon.colcon_core.verb:set package 'fishbot_navigation2' build argument 'cmake_clean_first' from command line to 'False'
[0.308s] Level 5:colcon.colcon_core.verb:set package 'fishbot_navigation2' build argument 'cmake_force_configure' from command line to 'False'
[0.308s] Level 5:colcon.colcon_core.verb:set package 'fishbot_navigation2' build argument 'ament_cmake_args' from command line to 'None'
[0.308s] Level 5:colcon.colcon_core.verb:set package 'fishbot_navigation2' build argument 'catkin_cmake_args' from command line to 'None'
[0.308s] Level 5:colcon.colcon_core.verb:set package 'fishbot_navigation2' build argument 'catkin_skip_building_tests' from command line to 'False'
[0.308s] DEBUG:colcon.colcon_core.verb:Building package 'fishbot_navigation2' with the following arguments: {'ament_cmake_args': None, 'build_base': '/home/fml/ros-main/build/fishbot_navigation2', 'catkin_cmake_args': None, 'catkin_skip_building_tests': False, 'cmake_args': None, 'cmake_clean_cache': False, 'cmake_clean_first': False, 'cmake_force_configure': False, 'cmake_target': None, 'cmake_target_skip_unavailable': False, 'install_base': '/home/fml/ros-main/install/fishbot_navigation2', 'merge_install': False, 'path': '/home/fml/ros-main/src/fishbot_navigation2', 'symlink_install': False, 'test_result_base': None}
[0.308s] Level 5:colcon.colcon_core.verb:set package 'nav2_custom_controller' build argument 'cmake_args' from command line to 'None'
[0.308s] Level 5:colcon.colcon_core.verb:set package 'nav2_custom_controller' build argument 'cmake_target' from command line to 'None'
[0.308s] Level 5:colcon.colcon_core.verb:set package 'nav2_custom_controller' build argument 'cmake_target_skip_unavailable' from command line to 'False'
[0.308s] Level 5:colcon.colcon_core.verb:set package 'nav2_custom_controller' build argument 'cmake_clean_cache' from command line to 'False'
[0.308s] Level 5:colcon.colcon_core.verb:set package 'nav2_custom_controller' build argument 'cmake_clean_first' from command line to 'False'
[0.308s] Level 5:colcon.colcon_core.verb:set package 'nav2_custom_controller' build argument 'cmake_force_configure' from command line to 'False'
[0.308s] Level 5:colcon.colcon_core.verb:set package 'nav2_custom_controller' build argument 'ament_cmake_args' from command line to 'None'
[0.308s] Level 5:colcon.colcon_core.verb:set package 'nav2_custom_controller' build argument 'catkin_cmake_args' from command line to 'None'
[0.308s] Level 5:colcon.colcon_core.verb:set package 'nav2_custom_controller' build argument 'catkin_skip_building_tests' from command line to 'False'
[0.309s] DEBUG:colcon.colcon_core.verb:Building package 'nav2_custom_controller' with the following arguments: {'ament_cmake_args': None, 'build_base': '/home/fml/ros-main/build/nav2_custom_controller', 'catkin_cmake_args': None, 'catkin_skip_building_tests': False, 'cmake_args': None, 'cmake_clean_cache': False, 'cmake_clean_first': False, 'cmake_force_configure': False, 'cmake_target': None, 'cmake_target_skip_unavailable': False, 'install_base': '/home/fml/ros-main/install/nav2_custom_controller', 'merge_install': False, 'path': '/home/fml/ros-main/src/nav2_custom_controller', 'symlink_install': False, 'test_result_base': None}
[0.309s] Level 5:colcon.colcon_core.verb:set package 'nav2_custom_planner' build argument 'cmake_args' from command line to 'None'
[0.309s] Level 5:colcon.colcon_core.verb:set package 'nav2_custom_planner' build argument 'cmake_target' from command line to 'None'
[0.309s] Level 5:colcon.colcon_core.verb:set package 'nav2_custom_planner' build argument 'cmake_target_skip_unavailable' from command line to 'False'
[0.309s] Level 5:colcon.colcon_core.verb:set package 'nav2_custom_planner' build argument 'cmake_clean_cache' from command line to 'False'
[0.309s] Level 5:colcon.colcon_core.verb:set package 'nav2_custom_planner' build argument 'cmake_clean_first' from command line to 'False'
[0.309s] Level 5:colcon.colcon_core.verb:set package 'nav2_custom_planner' build argument 'cmake_force_configure' from command line to 'False'
[0.309s] Level 5:colcon.colcon_core.verb:set package 'nav2_custom_planner' build argument 'ament_cmake_args' from command line to 'None'
[0.309s] Level 5:colcon.colcon_core.verb:set package 'nav2_custom_planner' build argument 'catkin_cmake_args' from command line to 'None'
[0.309s] Level 5:colcon.colcon_core.verb:set package 'nav2_custom_planner' build argument 'catkin_skip_building_tests' from command line to 'False'
[0.309s] DEBUG:colcon.colcon_core.verb:Building package 'nav2_custom_planner' with the following arguments: {'ament_cmake_args': None, 'build_base': '/home/fml/ros-main/build/nav2_custom_planner', 'catkin_cmake_args': None, 'catkin_skip_building_tests': False, 'cmake_args': None, 'cmake_clean_cache': False, 'cmake_clean_first': False, 'cmake_force_configure': False, 'cmake_target': None, 'cmake_target_skip_unavailable': False, 'install_base': '/home/fml/ros-main/install/nav2_custom_planner', 'merge_install': False, 'path': '/home/fml/ros-main/src/nav2_custom_planner', 'symlink_install': False, 'test_result_base': None}
[0.309s] Level 5:colcon.colcon_core.verb:set package 'pointcloud_merger' build argument 'cmake_args' from command line to 'None'
[0.309s] Level 5:colcon.colcon_core.verb:set package 'pointcloud_merger' build argument 'cmake_target' from command line to 'None'
[0.309s] Level 5:colcon.colcon_core.verb:set package 'pointcloud_merger' build argument 'cmake_target_skip_unavailable' from command line to 'False'
[0.309s] Level 5:colcon.colcon_core.verb:set package 'pointcloud_merger' build argument 'cmake_clean_cache' from command line to 'False'
[0.309s] Level 5:colcon.colcon_core.verb:set package 'pointcloud_merger' build argument 'cmake_clean_first' from command line to 'False'
[0.309s] Level 5:colcon.colcon_core.verb:set package 'pointcloud_merger' build argument 'cmake_force_configure' from command line to 'False'
[0.309s] Level 5:colcon.colcon_core.verb:set package 'pointcloud_merger' build argument 'ament_cmake_args' from command line to 'None'
[0.309s] Level 5:colcon.colcon_core.verb:set package 'pointcloud_merger' build argument 'catkin_cmake_args' from command line to 'None'
[0.309s] Level 5:colcon.colcon_core.verb:set package 'pointcloud_merger' build argument 'catkin_skip_building_tests' from command line to 'False'
[0.309s] DEBUG:colcon.colcon_core.verb:Building package 'pointcloud_merger' with the following arguments: {'ament_cmake_args': None, 'build_base': '/home/fml/ros-main/build/pointcloud_merger', 'catkin_cmake_args': None, 'catkin_skip_building_tests': False, 'cmake_args': None, 'cmake_clean_cache': False, 'cmake_clean_first': False, 'cmake_force_configure': False, 'cmake_target': None, 'cmake_target_skip_unavailable': False, 'install_base': '/home/fml/ros-main/install/pointcloud_merger', 'merge_install': False, 'path': '/home/fml/ros-main/src/pointcloud_merger', 'symlink_install': False, 'test_result_base': None}
[0.310s] INFO:colcon.colcon_core.executor:Executing jobs using 'parallel' executor
[0.311s] DEBUG:colcon.colcon_parallel_executor.executor.parallel:run_until_complete
[0.311s] INFO:colcon.colcon_ros.task.ament_cmake.build:Building ROS package in '/home/fml/ros-main/src/fishbot_description' with build type 'ament_cmake'
[0.311s] INFO:colcon.colcon_cmake.task.cmake.build:Building CMake package in '/home/fml/ros-main/src/fishbot_description'
[0.312s] INFO:colcon.colcon_core.plugin_system:Skipping extension 'colcon_core.shell.bat': Not used on non-Windows systems
[0.312s] INFO:colcon.colcon_core.shell:Skip shell extension 'powershell' for command environment: Not usable outside of PowerShell
[0.313s] DEBUG:colcon.colcon_core.shell:Skip shell extension 'dsv' for command environment
[0.316s] INFO:colcon.colcon_ros.task.ament_cmake.build:Building ROS package in '/home/fml/ros-main/src/fishbot_navigation2' with build type 'ament_cmake'
[0.316s] INFO:colcon.colcon_cmake.task.cmake.build:Building CMake package in '/home/fml/ros-main/src/fishbot_navigation2'
[0.316s] INFO:colcon.colcon_core.shell:Skip shell extension 'powershell' for command environment: Not usable outside of PowerShell
[0.316s] DEBUG:colcon.colcon_core.shell:Skip shell extension 'dsv' for command environment
[0.326s] DEBUG:colcon.colcon_core.event_handler.log_command:Invoking command in '/home/fml/ros-main/build/fishbot_description': CMAKE_PREFIX_PATH=${CMAKE_PREFIX_PATH}:/opt/ros/humble /usr/bin/cmake --build /home/fml/ros-main/build/fishbot_description -- -j2 -l2
[0.334s] DEBUG:colcon.colcon_core.event_handler.log_command:Invoking command in '/home/fml/ros-main/build/fishbot_navigation2': CMAKE_PREFIX_PATH=${CMAKE_PREFIX_PATH}:/opt/ros/humble /usr/bin/cmake --build /home/fml/ros-main/build/fishbot_navigation2 -- -j2 -l2
[0.389s] DEBUG:colcon.colcon_core.event_handler.log_command:Invoked command in '/home/fml/ros-main/build/fishbot_description' returned '0': CMAKE_PREFIX_PATH=${CMAKE_PREFIX_PATH}:/opt/ros/humble /usr/bin/cmake --build /home/fml/ros-main/build/fishbot_description -- -j2 -l2
[0.399s] DEBUG:colcon.colcon_core.event_handler.log_command:Invoking command in '/home/fml/ros-main/build/fishbot_description': CMAKE_PREFIX_PATH=${CMAKE_PREFIX_PATH}:/opt/ros/humble /usr/bin/cmake --install /home/fml/ros-main/build/fishbot_description
[0.400s] DEBUG:colcon.colcon_core.event_handler.log_command:Invoked command in '/home/fml/ros-main/build/fishbot_navigation2' returned '0': CMAKE_PREFIX_PATH=${CMAKE_PREFIX_PATH}:/opt/ros/humble /usr/bin/cmake --build /home/fml/ros-main/build/fishbot_navigation2 -- -j2 -l2
[0.405s] DEBUG:colcon.colcon_core.event_handler.log_command:Invoking command in '/home/fml/ros-main/build/fishbot_navigation2': CMAKE_PREFIX_PATH=${CMAKE_PREFIX_PATH}:/opt/ros/humble /usr/bin/cmake --install /home/fml/ros-main/build/fishbot_navigation2
[0.413s] Level 1:colcon.colcon_core.environment:create_environment_scripts_only(fishbot_navigation2)
[0.413s] DEBUG:colcon.colcon_core.event_handler.log_command:Invoked command in '/home/fml/ros-main/build/fishbot_navigation2' returned '0': CMAKE_PREFIX_PATH=${CMAKE_PREFIX_PATH}:/opt/ros/humble /usr/bin/cmake --install /home/fml/ros-main/build/fishbot_navigation2
[0.417s] Level 1:colcon.colcon_core.environment:checking '/home/fml/ros-main/install/fishbot_navigation2' for CMake module files
[0.417s] Level 1:colcon.colcon_core.environment:checking '/home/fml/ros-main/install/fishbot_navigation2' for CMake config files
[0.418s] Level 1:colcon.colcon_core.shell:create_environment_hook('fishbot_navigation2', 'cmake_prefix_path')
[0.418s] INFO:colcon.colcon_core.shell:Creating environment hook '/home/fml/ros-main/install/fishbot_navigation2/share/fishbot_navigation2/hook/cmake_prefix_path.ps1'
[0.418s] INFO:colcon.colcon_core.shell:Creating environment descriptor '/home/fml/ros-main/install/fishbot_navigation2/share/fishbot_navigation2/hook/cmake_prefix_path.dsv'
[0.420s] INFO:colcon.colcon_core.shell:Creating environment hook '/home/fml/ros-main/install/fishbot_navigation2/share/fishbot_navigation2/hook/cmake_prefix_path.sh'
[0.420s] Level 1:colcon.colcon_core.environment:checking '/home/fml/ros-main/install/fishbot_navigation2/bin'
[0.420s] Level 1:colcon.colcon_core.environment:checking '/home/fml/ros-main/install/fishbot_navigation2/lib/pkgconfig/fishbot_navigation2.pc'
[0.421s] Level 1:colcon.colcon_core.environment:checking '/home/fml/ros-main/install/fishbot_navigation2/lib/python3.10/site-packages'
[0.422s] Level 1:colcon.colcon_core.environment:checking '/home/fml/ros-main/install/fishbot_navigation2/bin'
[0.422s] INFO:colcon.colcon_core.shell:Creating package script '/home/fml/ros-main/install/fishbot_navigation2/share/fishbot_navigation2/package.ps1'
[0.422s] INFO:colcon.colcon_core.shell:Creating package descriptor '/home/fml/ros-main/install/fishbot_navigation2/share/fishbot_navigation2/package.dsv'
[0.426s] INFO:colcon.colcon_core.shell:Creating package script '/home/fml/ros-main/install/fishbot_navigation2/share/fishbot_navigation2/package.sh'
[0.426s] INFO:colcon.colcon_core.shell:Creating package script '/home/fml/ros-main/install/fishbot_navigation2/share/fishbot_navigation2/package.bash'
[0.427s] INFO:colcon.colcon_core.shell:Creating package script '/home/fml/ros-main/install/fishbot_navigation2/share/fishbot_navigation2/package.zsh'
[0.427s] Level 1:colcon.colcon_core.environment:create_file_with_runtime_dependencies(/home/fml/ros-main/install/fishbot_navigation2/share/colcon-core/packages/fishbot_navigation2)
[0.428s] Level 1:colcon.colcon_core.environment:create_environment_scripts_only(fishbot_navigation2)
[0.428s] Level 1:colcon.colcon_core.environment:checking '/home/fml/ros-main/install/fishbot_navigation2' for CMake module files
[0.428s] Level 1:colcon.colcon_core.environment:checking '/home/fml/ros-main/install/fishbot_navigation2' for CMake config files
[0.428s] Level 1:colcon.colcon_core.shell:create_environment_hook('fishbot_navigation2', 'cmake_prefix_path')
[0.428s] INFO:colcon.colcon_core.shell:Creating environment hook '/home/fml/ros-main/install/fishbot_navigation2/share/fishbot_navigation2/hook/cmake_prefix_path.ps1'
[0.429s] INFO:colcon.colcon_core.shell:Creating environment descriptor '/home/fml/ros-main/install/fishbot_navigation2/share/fishbot_navigation2/hook/cmake_prefix_path.dsv'
[0.429s] INFO:colcon.colcon_core.shell:Creating environment hook '/home/fml/ros-main/install/fishbot_navigation2/share/fishbot_navigation2/hook/cmake_prefix_path.sh'
[0.429s] Level 1:colcon.colcon_core.environment:checking '/home/fml/ros-main/install/fishbot_navigation2/bin'
[0.429s] Level 1:colcon.colcon_core.environment:checking '/home/fml/ros-main/install/fishbot_navigation2/lib/pkgconfig/fishbot_navigation2.pc'
[0.430s] Level 1:colcon.colcon_core.environment:checking '/home/fml/ros-main/install/fishbot_navigation2/lib/python3.10/site-packages'
[0.430s] Level 1:colcon.colcon_core.environment:checking '/home/fml/ros-main/install/fishbot_navigation2/bin'
[0.431s] INFO:colcon.colcon_core.shell:Creating package script '/home/fml/ros-main/install/fishbot_navigation2/share/fishbot_navigation2/package.ps1'
[0.432s] INFO:colcon.colcon_core.shell:Creating package descriptor '/home/fml/ros-main/install/fishbot_navigation2/share/fishbot_navigation2/package.dsv'
[0.432s] INFO:colcon.colcon_core.shell:Creating package script '/home/fml/ros-main/install/fishbot_navigation2/share/fishbot_navigation2/package.sh'
[0.432s] INFO:colcon.colcon_core.shell:Creating package script '/home/fml/ros-main/install/fishbot_navigation2/share/fishbot_navigation2/package.bash'
[0.433s] INFO:colcon.colcon_core.shell:Creating package script '/home/fml/ros-main/install/fishbot_navigation2/share/fishbot_navigation2/package.zsh'
[0.434s] Level 1:colcon.colcon_core.environment:create_file_with_runtime_dependencies(/home/fml/ros-main/install/fishbot_navigation2/share/colcon-core/packages/fishbot_navigation2)
[0.434s] INFO:colcon.colcon_ros.task.ament_cmake.build:Building ROS package in '/home/fml/ros-main/src/nav2_custom_controller' with build type 'ament_cmake'
[0.434s] INFO:colcon.colcon_cmake.task.cmake.build:Building CMake package in '/home/fml/ros-main/src/nav2_custom_controller'
[0.434s] INFO:colcon.colcon_core.shell:Skip shell extension 'powershell' for command environment: Not usable outside of PowerShell
[0.434s] DEBUG:colcon.colcon_core.shell:Skip shell extension 'dsv' for command environment
[0.441s] Level 1:colcon.colcon_core.environment:create_environment_scripts_only(fishbot_description)
[0.441s] DEBUG:colcon.colcon_core.event_handler.log_command:Invoked command in '/home/fml/ros-main/build/fishbot_description' returned '0': CMAKE_PREFIX_PATH=${CMAKE_PREFIX_PATH}:/opt/ros/humble /usr/bin/cmake --install /home/fml/ros-main/build/fishbot_description
[0.441s] Level 1:colcon.colcon_core.environment:checking '/home/fml/ros-main/install/fishbot_description' for CMake module files
[0.442s] Level 1:colcon.colcon_core.environment:checking '/home/fml/ros-main/install/fishbot_description' for CMake config files
[0.442s] Level 1:colcon.colcon_core.shell:create_environment_hook('fishbot_description', 'cmake_prefix_path')
[0.442s] INFO:colcon.colcon_core.shell:Creating environment hook '/home/fml/ros-main/install/fishbot_description/share/fishbot_description/hook/cmake_prefix_path.ps1'
[0.442s] INFO:colcon.colcon_core.shell:Creating environment descriptor '/home/fml/ros-main/install/fishbot_description/share/fishbot_description/hook/cmake_prefix_path.dsv'
[0.443s] INFO:colcon.colcon_core.shell:Creating environment hook '/home/fml/ros-main/install/fishbot_description/share/fishbot_description/hook/cmake_prefix_path.sh'
[0.444s] Level 1:colcon.colcon_core.environment:checking '/home/fml/ros-main/install/fishbot_description/lib'
[0.444s] Level 1:colcon.colcon_core.environment:checking '/home/fml/ros-main/install/fishbot_description/bin'
[0.444s] Level 1:colcon.colcon_core.environment:checking '/home/fml/ros-main/install/fishbot_description/lib/pkgconfig/fishbot_description.pc'
[0.444s] Level 1:colcon.colcon_core.environment:checking '/home/fml/ros-main/install/fishbot_description/lib/python3.10/site-packages'
[0.444s] Level 1:colcon.colcon_core.environment:checking '/home/fml/ros-main/install/fishbot_description/bin'
[0.444s] INFO:colcon.colcon_core.shell:Creating package script '/home/fml/ros-main/install/fishbot_description/share/fishbot_description/package.ps1'
[0.445s] INFO:colcon.colcon_core.shell:Creating package descriptor '/home/fml/ros-main/install/fishbot_description/share/fishbot_description/package.dsv'
[0.446s] INFO:colcon.colcon_core.shell:Creating package script '/home/fml/ros-main/install/fishbot_description/share/fishbot_description/package.sh'
[0.446s] INFO:colcon.colcon_core.shell:Creating package script '/home/fml/ros-main/install/fishbot_description/share/fishbot_description/package.bash'
[0.447s] INFO:colcon.colcon_core.shell:Creating package script '/home/fml/ros-main/install/fishbot_description/share/fishbot_description/package.zsh'
[0.447s] Level 1:colcon.colcon_core.environment:create_file_with_runtime_dependencies(/home/fml/ros-main/install/fishbot_description/share/colcon-core/packages/fishbot_description)
[0.447s] Level 1:colcon.colcon_core.environment:create_environment_scripts_only(fishbot_description)
[0.447s] Level 1:colcon.colcon_core.environment:checking '/home/fml/ros-main/install/fishbot_description' for CMake module files
[0.448s] Level 1:colcon.colcon_core.environment:checking '/home/fml/ros-main/install/fishbot_description' for CMake config files
[0.448s] Level 1:colcon.colcon_core.shell:create_environment_hook('fishbot_description', 'cmake_prefix_path')
[0.448s] INFO:colcon.colcon_core.shell:Creating environment hook '/home/fml/ros-main/install/fishbot_description/share/fishbot_description/hook/cmake_prefix_path.ps1'
[0.448s] INFO:colcon.colcon_core.shell:Creating environment descriptor '/home/fml/ros-main/install/fishbot_description/share/fishbot_description/hook/cmake_prefix_path.dsv'
[0.449s] INFO:colcon.colcon_core.shell:Creating environment hook '/home/fml/ros-main/install/fishbot_description/share/fishbot_description/hook/cmake_prefix_path.sh'
[0.449s] Level 1:colcon.colcon_core.environment:checking '/home/fml/ros-main/install/fishbot_description/lib'
[0.449s] Level 1:colcon.colcon_core.environment:checking '/home/fml/ros-main/install/fishbot_description/bin'
[0.449s] Level 1:colcon.colcon_core.environment:checking '/home/fml/ros-main/install/fishbot_description/lib/pkgconfig/fishbot_description.pc'
[0.449s] Level 1:colcon.colcon_core.environment:checking '/home/fml/ros-main/install/fishbot_description/lib/python3.10/site-packages'
[0.449s] Level 1:colcon.colcon_core.environment:checking '/home/fml/ros-main/install/fishbot_description/bin'
[0.450s] INFO:colcon.colcon_core.shell:Creating package script '/home/fml/ros-main/install/fishbot_description/share/fishbot_description/package.ps1'
[0.450s] INFO:colcon.colcon_core.shell:Creating package descriptor '/home/fml/ros-main/install/fishbot_description/share/fishbot_description/package.dsv'
[0.450s] INFO:colcon.colcon_core.shell:Creating package script '/home/fml/ros-main/install/fishbot_description/share/fishbot_description/package.sh'
[0.451s] INFO:colcon.colcon_core.shell:Creating package script '/home/fml/ros-main/install/fishbot_description/share/fishbot_description/package.bash'
[0.451s] INFO:colcon.colcon_core.shell:Creating package script '/home/fml/ros-main/install/fishbot_description/share/fishbot_description/package.zsh'
[0.451s] Level 1:colcon.colcon_core.environment:create_file_with_runtime_dependencies(/home/fml/ros-main/install/fishbot_description/share/colcon-core/packages/fishbot_description)
[0.452s] INFO:colcon.colcon_ros.task.ament_cmake.build:Building ROS package in '/home/fml/ros-main/src/nav2_custom_planner' with build type 'ament_cmake'
[0.452s] INFO:colcon.colcon_cmake.task.cmake.build:Building CMake package in '/home/fml/ros-main/src/nav2_custom_planner'
[0.452s] INFO:colcon.colcon_core.shell:Skip shell extension 'powershell' for command environment: Not usable outside of PowerShell
[0.452s] DEBUG:colcon.colcon_core.shell:Skip shell extension 'dsv' for command environment
[0.458s] DEBUG:colcon.colcon_core.event_handler.log_command:Invoking command in '/home/fml/ros-main/build/nav2_custom_controller': CMAKE_PREFIX_PATH=${CMAKE_PREFIX_PATH}:/opt/ros/humble /usr/bin/cmake --build /home/fml/ros-main/build/nav2_custom_controller -- -j2 -l2
[0.469s] DEBUG:colcon.colcon_core.event_handler.log_command:Invoking command in '/home/fml/ros-main/build/nav2_custom_planner': CMAKE_PREFIX_PATH=${CMAKE_PREFIX_PATH}:/opt/ros/humble /usr/bin/cmake --build /home/fml/ros-main/build/nav2_custom_planner -- -j2 -l2
[0.620s] DEBUG:colcon.colcon_core.event_handler.log_command:Invoked command in '/home/fml/ros-main/build/nav2_custom_controller' returned '0': CMAKE_PREFIX_PATH=${CMAKE_PREFIX_PATH}:/opt/ros/humble /usr/bin/cmake --build /home/fml/ros-main/build/nav2_custom_controller -- -j2 -l2
[0.622s] DEBUG:colcon.colcon_core.event_handler.log_command:Invoking command in '/home/fml/ros-main/build/nav2_custom_controller': CMAKE_PREFIX_PATH=${CMAKE_PREFIX_PATH}:/opt/ros/humble /usr/bin/cmake --install /home/fml/ros-main/build/nav2_custom_controller
[0.642s] Level 1:colcon.colcon_core.environment:create_environment_scripts_only(nav2_custom_controller)
[0.643s] Level 1:colcon.colcon_core.environment:checking '/home/fml/ros-main/install/nav2_custom_controller' for CMake module files
[0.643s] DEBUG:colcon.colcon_core.event_handler.log_command:Invoked command in '/home/fml/ros-main/build/nav2_custom_controller' returned '0': CMAKE_PREFIX_PATH=${CMAKE_PREFIX_PATH}:/opt/ros/humble /usr/bin/cmake --install /home/fml/ros-main/build/nav2_custom_controller
[0.644s] Level 1:colcon.colcon_core.environment:checking '/home/fml/ros-main/install/nav2_custom_controller' for CMake config files
[0.644s] Level 1:colcon.colcon_core.shell:create_environment_hook('nav2_custom_controller', 'cmake_prefix_path')
[0.644s] INFO:colcon.colcon_core.shell:Creating environment hook '/home/fml/ros-main/install/nav2_custom_controller/share/nav2_custom_controller/hook/cmake_prefix_path.ps1'
[0.644s] INFO:colcon.colcon_core.shell:Creating environment descriptor '/home/fml/ros-main/install/nav2_custom_controller/share/nav2_custom_controller/hook/cmake_prefix_path.dsv'
[0.646s] INFO:colcon.colcon_core.shell:Creating environment hook '/home/fml/ros-main/install/nav2_custom_controller/share/nav2_custom_controller/hook/cmake_prefix_path.sh'
[0.647s] Level 1:colcon.colcon_core.environment:checking '/home/fml/ros-main/install/nav2_custom_controller/lib'
[0.647s] Level 1:colcon.colcon_core.shell:create_environment_hook('nav2_custom_controller', 'ld_library_path_lib')
[0.647s] INFO:colcon.colcon_core.shell:Creating environment hook '/home/fml/ros-main/install/nav2_custom_controller/share/nav2_custom_controller/hook/ld_library_path_lib.ps1'
[0.648s] INFO:colcon.colcon_core.shell:Creating environment descriptor '/home/fml/ros-main/install/nav2_custom_controller/share/nav2_custom_controller/hook/ld_library_path_lib.dsv'
[0.648s] INFO:colcon.colcon_core.shell:Creating environment hook '/home/fml/ros-main/install/nav2_custom_controller/share/nav2_custom_controller/hook/ld_library_path_lib.sh'
[0.648s] Level 1:colcon.colcon_core.environment:checking '/home/fml/ros-main/install/nav2_custom_controller/bin'
[0.650s] Level 1:colcon.colcon_core.environment:checking '/home/fml/ros-main/install/nav2_custom_controller/lib/pkgconfig/nav2_custom_controller.pc'
[0.650s] Level 1:colcon.colcon_core.environment:checking '/home/fml/ros-main/install/nav2_custom_controller/lib/python3.10/site-packages'
[0.651s] Level 1:colcon.colcon_core.environment:checking '/home/fml/ros-main/install/nav2_custom_controller/bin'
[0.651s] INFO:colcon.colcon_core.shell:Creating package script '/home/fml/ros-main/install/nav2_custom_controller/share/nav2_custom_controller/package.ps1'
[0.651s] INFO:colcon.colcon_core.shell:Creating package descriptor '/home/fml/ros-main/install/nav2_custom_controller/share/nav2_custom_controller/package.dsv'
[0.653s] INFO:colcon.colcon_core.shell:Creating package script '/home/fml/ros-main/install/nav2_custom_controller/share/nav2_custom_controller/package.sh'
[0.655s] INFO:colcon.colcon_core.shell:Creating package script '/home/fml/ros-main/install/nav2_custom_controller/share/nav2_custom_controller/package.bash'
[0.656s] INFO:colcon.colcon_core.shell:Creating package script '/home/fml/ros-main/install/nav2_custom_controller/share/nav2_custom_controller/package.zsh'
[0.656s] Level 1:colcon.colcon_core.environment:create_file_with_runtime_dependencies(/home/fml/ros-main/install/nav2_custom_controller/share/colcon-core/packages/nav2_custom_controller)
[0.657s] Level 1:colcon.colcon_core.environment:create_environment_scripts_only(nav2_custom_controller)
[0.657s] Level 1:colcon.colcon_core.environment:checking '/home/fml/ros-main/install/nav2_custom_controller' for CMake module files
[0.658s] Level 1:colcon.colcon_core.environment:checking '/home/fml/ros-main/install/nav2_custom_controller' for CMake config files
[0.658s] Level 1:colcon.colcon_core.shell:create_environment_hook('nav2_custom_controller', 'cmake_prefix_path')
[0.659s] INFO:colcon.colcon_core.shell:Creating environment hook '/home/fml/ros-main/install/nav2_custom_controller/share/nav2_custom_controller/hook/cmake_prefix_path.ps1'
[0.660s] INFO:colcon.colcon_core.shell:Creating environment descriptor '/home/fml/ros-main/install/nav2_custom_controller/share/nav2_custom_controller/hook/cmake_prefix_path.dsv'
[0.660s] INFO:colcon.colcon_core.shell:Creating environment hook '/home/fml/ros-main/install/nav2_custom_controller/share/nav2_custom_controller/hook/cmake_prefix_path.sh'
[0.660s] Level 1:colcon.colcon_core.environment:checking '/home/fml/ros-main/install/nav2_custom_controller/lib'
[0.660s] Level 1:colcon.colcon_core.shell:create_environment_hook('nav2_custom_controller', 'ld_library_path_lib')
[0.661s] INFO:colcon.colcon_core.shell:Creating environment hook '/home/fml/ros-main/install/nav2_custom_controller/share/nav2_custom_controller/hook/ld_library_path_lib.ps1'
[0.661s] INFO:colcon.colcon_core.shell:Creating environment descriptor '/home/fml/ros-main/install/nav2_custom_controller/share/nav2_custom_controller/hook/ld_library_path_lib.dsv'
[0.662s] INFO:colcon.colcon_core.shell:Creating environment hook '/home/fml/ros-main/install/nav2_custom_controller/share/nav2_custom_controller/hook/ld_library_path_lib.sh'
[0.663s] Level 1:colcon.colcon_core.environment:checking '/home/fml/ros-main/install/nav2_custom_controller/bin'
[0.664s] Level 1:colcon.colcon_core.environment:checking '/home/fml/ros-main/install/nav2_custom_controller/lib/pkgconfig/nav2_custom_controller.pc'
[0.665s] Level 1:colcon.colcon_core.environment:checking '/home/fml/ros-main/install/nav2_custom_controller/lib/python3.10/site-packages'
[0.665s] Level 1:colcon.colcon_core.environment:checking '/home/fml/ros-main/install/nav2_custom_controller/bin'
[0.665s] INFO:colcon.colcon_core.shell:Creating package script '/home/fml/ros-main/install/nav2_custom_controller/share/nav2_custom_controller/package.ps1'
[0.666s] INFO:colcon.colcon_core.shell:Creating package descriptor '/home/fml/ros-main/install/nav2_custom_controller/share/nav2_custom_controller/package.dsv'
[0.667s] INFO:colcon.colcon_core.shell:Creating package script '/home/fml/ros-main/install/nav2_custom_controller/share/nav2_custom_controller/package.sh'
[0.667s] INFO:colcon.colcon_core.shell:Creating package script '/home/fml/ros-main/install/nav2_custom_controller/share/nav2_custom_controller/package.bash'
[0.667s] INFO:colcon.colcon_core.shell:Creating package script '/home/fml/ros-main/install/nav2_custom_controller/share/nav2_custom_controller/package.zsh'
[0.669s] Level 1:colcon.colcon_core.environment:create_file_with_runtime_dependencies(/home/fml/ros-main/install/nav2_custom_controller/share/colcon-core/packages/nav2_custom_controller)
[0.670s] INFO:colcon.colcon_ros.task.ament_cmake.build:Building ROS package in '/home/fml/ros-main/src/pointcloud_merger' with build type 'ament_cmake'
[0.670s] INFO:colcon.colcon_cmake.task.cmake.build:Building CMake package in '/home/fml/ros-main/src/pointcloud_merger'
[0.670s] INFO:colcon.colcon_core.shell:Skip shell extension 'powershell' for command environment: Not usable outside of PowerShell
[0.670s] DEBUG:colcon.colcon_core.shell:Skip shell extension 'dsv' for command environment
[0.687s] DEBUG:colcon.colcon_core.event_handler.log_command:Invoking command in '/home/fml/ros-main/build/pointcloud_merger': CMAKE_PREFIX_PATH=${CMAKE_PREFIX_PATH}:/opt/ros/humble /usr/bin/cmake --build /home/fml/ros-main/build/pointcloud_merger -- -j2 -l2
[0.870s] DEBUG:colcon.colcon_core.event_handler.log_command:Invoked command in '/home/fml/ros-main/build/pointcloud_merger' returned '0': CMAKE_PREFIX_PATH=${CMAKE_PREFIX_PATH}:/opt/ros/humble /usr/bin/cmake --build /home/fml/ros-main/build/pointcloud_merger -- -j2 -l2
[0.875s] DEBUG:colcon.colcon_core.event_handler.log_command:Invoking command in '/home/fml/ros-main/build/pointcloud_merger': CMAKE_PREFIX_PATH=${CMAKE_PREFIX_PATH}:/opt/ros/humble /usr/bin/cmake --install /home/fml/ros-main/build/pointcloud_merger
[0.892s] Level 1:colcon.colcon_core.environment:create_environment_scripts_only(pointcloud_merger)
[0.892s] Level 1:colcon.colcon_core.environment:checking '/home/fml/ros-main/install/pointcloud_merger' for CMake module files
[0.892s] Level 1:colcon.colcon_core.environment:checking '/home/fml/ros-main/install/pointcloud_merger' for CMake config files
[0.892s] Level 1:colcon.colcon_core.shell:create_environment_hook('pointcloud_merger', 'cmake_prefix_path')
[0.893s] INFO:colcon.colcon_core.shell:Creating environment hook '/home/fml/ros-main/install/pointcloud_merger/share/pointcloud_merger/hook/cmake_prefix_path.ps1'
[0.894s] DEBUG:colcon.colcon_core.event_handler.log_command:Invoked command in '/home/fml/ros-main/build/pointcloud_merger' returned '0': CMAKE_PREFIX_PATH=${CMAKE_PREFIX_PATH}:/opt/ros/humble /usr/bin/cmake --install /home/fml/ros-main/build/pointcloud_merger
[0.895s] INFO:colcon.colcon_core.shell:Creating environment descriptor '/home/fml/ros-main/install/pointcloud_merger/share/pointcloud_merger/hook/cmake_prefix_path.dsv'
[0.896s] INFO:colcon.colcon_core.shell:Creating environment hook '/home/fml/ros-main/install/pointcloud_merger/share/pointcloud_merger/hook/cmake_prefix_path.sh'
[0.898s] Level 1:colcon.colcon_core.environment:checking '/home/fml/ros-main/install/pointcloud_merger/lib'
[0.899s] Level 1:colcon.colcon_core.environment:checking '/home/fml/ros-main/install/pointcloud_merger/bin'
[0.899s] Level 1:colcon.colcon_core.environment:checking '/home/fml/ros-main/install/pointcloud_merger/lib/pkgconfig/pointcloud_merger.pc'
[0.899s] Level 1:colcon.colcon_core.environment:checking '/home/fml/ros-main/install/pointcloud_merger/lib/python3.10/site-packages'
[0.899s] Level 1:colcon.colcon_core.environment:checking '/home/fml/ros-main/install/pointcloud_merger/bin'
[0.900s] INFO:colcon.colcon_core.shell:Creating package script '/home/fml/ros-main/install/pointcloud_merger/share/pointcloud_merger/package.ps1'
[0.901s] INFO:colcon.colcon_core.shell:Creating package descriptor '/home/fml/ros-main/install/pointcloud_merger/share/pointcloud_merger/package.dsv'
[0.901s] INFO:colcon.colcon_core.shell:Creating package script '/home/fml/ros-main/install/pointcloud_merger/share/pointcloud_merger/package.sh'
[0.902s] INFO:colcon.colcon_core.shell:Creating package script '/home/fml/ros-main/install/pointcloud_merger/share/pointcloud_merger/package.bash'
[0.902s] INFO:colcon.colcon_core.shell:Creating package script '/home/fml/ros-main/install/pointcloud_merger/share/pointcloud_merger/package.zsh'
[0.902s] Level 1:colcon.colcon_core.environment:create_file_with_runtime_dependencies(/home/fml/ros-main/install/pointcloud_merger/share/colcon-core/packages/pointcloud_merger)
[0.903s] Level 1:colcon.colcon_core.environment:create_environment_scripts_only(pointcloud_merger)
[0.904s] Level 1:colcon.colcon_core.environment:checking '/home/fml/ros-main/install/pointcloud_merger' for CMake module files
[0.906s] Level 1:colcon.colcon_core.environment:checking '/home/fml/ros-main/install/pointcloud_merger' for CMake config files
[0.906s] Level 1:colcon.colcon_core.shell:create_environment_hook('pointcloud_merger', 'cmake_prefix_path')
[0.908s] INFO:colcon.colcon_core.shell:Creating environment hook '/home/fml/ros-main/install/pointcloud_merger/share/pointcloud_merger/hook/cmake_prefix_path.ps1'
[0.908s] INFO:colcon.colcon_core.shell:Creating environment descriptor '/home/fml/ros-main/install/pointcloud_merger/share/pointcloud_merger/hook/cmake_prefix_path.dsv'
[0.908s] INFO:colcon.colcon_core.shell:Creating environment hook '/home/fml/ros-main/install/pointcloud_merger/share/pointcloud_merger/hook/cmake_prefix_path.sh'
[0.911s] Level 1:colcon.colcon_core.environment:checking '/home/fml/ros-main/install/pointcloud_merger/lib'
[0.911s] Level 1:colcon.colcon_core.environment:checking '/home/fml/ros-main/install/pointcloud_merger/bin'
[0.911s] Level 1:colcon.colcon_core.environment:checking '/home/fml/ros-main/install/pointcloud_merger/lib/pkgconfig/pointcloud_merger.pc'
[0.911s] Level 1:colcon.colcon_core.environment:checking '/home/fml/ros-main/install/pointcloud_merger/lib/python3.10/site-packages'
[0.911s] Level 1:colcon.colcon_core.environment:checking '/home/fml/ros-main/install/pointcloud_merger/bin'
[0.911s] INFO:colcon.colcon_core.shell:Creating package script '/home/fml/ros-main/install/pointcloud_merger/share/pointcloud_merger/package.ps1'
[0.913s] INFO:colcon.colcon_core.shell:Creating package descriptor '/home/fml/ros-main/install/pointcloud_merger/share/pointcloud_merger/package.dsv'
[0.914s] INFO:colcon.colcon_core.shell:Creating package script '/home/fml/ros-main/install/pointcloud_merger/share/pointcloud_merger/package.sh'
[0.915s] INFO:colcon.colcon_core.shell:Creating package script '/home/fml/ros-main/install/pointcloud_merger/share/pointcloud_merger/package.bash'
[0.915s] INFO:colcon.colcon_core.shell:Creating package script '/home/fml/ros-main/install/pointcloud_merger/share/pointcloud_merger/package.zsh'
[0.916s] Level 1:colcon.colcon_core.environment:create_file_with_runtime_dependencies(/home/fml/ros-main/install/pointcloud_merger/share/colcon-core/packages/pointcloud_merger)
[4.160s] DEBUG:colcon.colcon_core.event_handler.log_command:Invoked command in '/home/fml/ros-main/build/nav2_custom_planner' returned '2': CMAKE_PREFIX_PATH=${CMAKE_PREFIX_PATH}:/opt/ros/humble /usr/bin/cmake --build /home/fml/ros-main/build/nav2_custom_planner -- -j2 -l2
[4.161s] Level 1:colcon.colcon_core.environment:create_environment_scripts_only(nav2_custom_planner)
[4.161s] Level 1:colcon.colcon_core.environment:checking '/home/fml/ros-main/install/nav2_custom_planner' for CMake module files
[4.162s] Level 1:colcon.colcon_core.environment:checking '/home/fml/ros-main/install/nav2_custom_planner' for CMake config files
[4.163s] Level 1:colcon.colcon_core.shell:create_environment_hook('nav2_custom_planner', 'cmake_prefix_path')
[4.163s] INFO:colcon.colcon_core.shell:Creating environment hook '/home/fml/ros-main/install/nav2_custom_planner/share/nav2_custom_planner/hook/cmake_prefix_path.ps1'
[4.165s] INFO:colcon.colcon_core.shell:Creating environment descriptor '/home/fml/ros-main/install/nav2_custom_planner/share/nav2_custom_planner/hook/cmake_prefix_path.dsv'
[4.166s] INFO:colcon.colcon_core.shell:Creating environment hook '/home/fml/ros-main/install/nav2_custom_planner/share/nav2_custom_planner/hook/cmake_prefix_path.sh'
[4.166s] Level 1:colcon.colcon_core.environment:checking '/home/fml/ros-main/install/nav2_custom_planner/lib'
[4.167s] Level 1:colcon.colcon_core.shell:create_environment_hook('nav2_custom_planner', 'ld_library_path_lib')
[4.167s] INFO:colcon.colcon_core.shell:Creating environment hook '/home/fml/ros-main/install/nav2_custom_planner/share/nav2_custom_planner/hook/ld_library_path_lib.ps1'
[4.167s] INFO:colcon.colcon_core.shell:Creating environment descriptor '/home/fml/ros-main/install/nav2_custom_planner/share/nav2_custom_planner/hook/ld_library_path_lib.dsv'
[4.167s] INFO:colcon.colcon_core.shell:Creating environment hook '/home/fml/ros-main/install/nav2_custom_planner/share/nav2_custom_planner/hook/ld_library_path_lib.sh'
[4.168s] Level 1:colcon.colcon_core.environment:checking '/home/fml/ros-main/install/nav2_custom_planner/bin'
[4.168s] Level 1:colcon.colcon_core.environment:checking '/home/fml/ros-main/install/nav2_custom_planner/lib/pkgconfig/nav2_custom_planner.pc'
[4.168s] Level 1:colcon.colcon_core.environment:checking '/home/fml/ros-main/install/nav2_custom_planner/lib/python3.10/site-packages'
[4.168s] Level 1:colcon.colcon_core.environment:checking '/home/fml/ros-main/install/nav2_custom_planner/bin'
[4.168s] INFO:colcon.colcon_core.shell:Creating package script '/home/fml/ros-main/install/nav2_custom_planner/share/nav2_custom_planner/package.ps1'
[4.169s] INFO:colcon.colcon_core.shell:Creating package descriptor '/home/fml/ros-main/install/nav2_custom_planner/share/nav2_custom_planner/package.dsv'
[4.170s] INFO:colcon.colcon_core.shell:Creating package script '/home/fml/ros-main/install/nav2_custom_planner/share/nav2_custom_planner/package.sh'
[4.170s] INFO:colcon.colcon_core.shell:Creating package script '/home/fml/ros-main/install/nav2_custom_planner/share/nav2_custom_planner/package.bash'
[4.171s] INFO:colcon.colcon_core.shell:Creating package script '/home/fml/ros-main/install/nav2_custom_planner/share/nav2_custom_planner/package.zsh'
[4.171s] Level 1:colcon.colcon_core.environment:create_file_with_runtime_dependencies(/home/fml/ros-main/install/nav2_custom_planner/share/colcon-core/packages/nav2_custom_planner)
[4.188s] DEBUG:colcon.colcon_parallel_executor.executor.parallel:closing loop
[4.189s] DEBUG:colcon.colcon_parallel_executor.executor.parallel:loop closed
[4.189s] DEBUG:colcon.colcon_parallel_executor.executor.parallel:run_until_complete finished with '2'
[4.189s] DEBUG:colcon.colcon_core.event_reactor:joining thread
[4.202s] INFO:colcon.colcon_core.plugin_system:Skipping extension 'colcon_notification.desktop_notification.terminal_notifier': Not used on non-Darwin systems
[4.202s] INFO:colcon.colcon_core.plugin_system:Skipping extension 'colcon_notification.desktop_notification.win32': Not used on non-Windows systems
[4.202s] INFO:colcon.colcon_notification.desktop_notification:Sending desktop notification using 'notify2'
[4.232s] DEBUG:colcon.colcon_core.event_reactor:joined thread
[4.233s] INFO:colcon.colcon_core.shell:Creating prefix script '/home/fml/ros-main/install/local_setup.ps1'
[4.234s] INFO:colcon.colcon_core.shell:Creating prefix util module '/home/fml/ros-main/install/_local_setup_util_ps1.py'
[4.237s] INFO:colcon.colcon_core.shell:Creating prefix chain script '/home/fml/ros-main/install/setup.ps1'
[4.240s] INFO:colcon.colcon_core.shell:Creating prefix script '/home/fml/ros-main/install/local_setup.sh'
[4.241s] INFO:colcon.colcon_core.shell:Creating prefix util module '/home/fml/ros-main/install/_local_setup_util_sh.py'
[4.242s] INFO:colcon.colcon_core.shell:Creating prefix chain script '/home/fml/ros-main/install/setup.sh'
[4.244s] INFO:colcon.colcon_core.shell:Creating prefix script '/home/fml/ros-main/install/local_setup.bash'
[4.245s] INFO:colcon.colcon_core.shell:Creating prefix chain script '/home/fml/ros-main/install/setup.bash'
[4.247s] INFO:colcon.colcon_core.shell:Creating prefix script '/home/fml/ros-main/install/local_setup.zsh'
[4.248s] INFO:colcon.colcon_core.shell:Creating prefix chain script '/home/fml/ros-main/install/setup.zsh'
