[0.021s] Invoking command in '/home/fml/ros-main/build/fishbot_description': CMAKE_PREFIX_PATH=/opt/ros/humble /usr/bin/cmake /home/fml/ros-main/src/fishbot_description -DCMAKE_INSTALL_PREFIX=/home/fml/ros-main/install/fishbot_description
[0.187s] -- The C compiler identification is GNU 11.4.0
[0.287s] -- The CXX compiler identification is GNU 11.4.0
[0.293s] -- Detecting C compiler ABI info
[0.374s] -- Detecting C compiler ABI info - done
[0.379s] -- Check for working C compiler: /usr/bin/cc - skipped
[0.379s] -- Detecting C compile features
[0.381s] -- Detecting C compile features - done
[0.384s] -- Detecting CXX compiler ABI info
[0.485s] -- Detecting CXX compiler ABI info - done
[0.491s] -- Check for working CXX compiler: /usr/bin/c++ - skipped
[0.491s] -- Detecting CXX compile features
[0.491s] -- Detecting CXX compile features - done
[0.502s] -- Found ament_cmake: 1.3.11 (/opt/ros/humble/share/ament_cmake/cmake)
[0.658s] -- Found Python3: /usr/bin/python3 (found version "3.10.12") found components: Interpreter 
[0.744s] -- Found ament_lint_auto: 0.12.12 (/opt/ros/humble/share/ament_lint_auto/cmake)
[0.812s] -- Added test 'flake8' to check Python code syntax and style conventions
[0.813s] -- Added test 'lint_cmake' to check CMake code style
[0.814s] -- Added test 'pep257' to check Python code against some of the docstring style conventions in PEP 257
[0.816s] -- Added test 'xmllint' to check XML markup files
[0.820s] -- Configuring done
[0.822s] -- Generating done
[0.827s] -- Build files have been written to: /home/fml/ros-main/build/fishbot_description
[0.839s] Invoked command in '/home/fml/ros-main/build/fishbot_description' returned '0': CMAKE_PREFIX_PATH=/opt/ros/humble /usr/bin/cmake /home/fml/ros-main/src/fishbot_description -DCMAKE_INSTALL_PREFIX=/home/fml/ros-main/install/fishbot_description
[0.842s] Invoking command in '/home/fml/ros-main/build/fishbot_description': CMAKE_PREFIX_PATH=/opt/ros/humble /usr/bin/cmake --build /home/fml/ros-main/build/fishbot_description -- -j2 -l2
[0.870s] Invoked command in '/home/fml/ros-main/build/fishbot_description' returned '0': CMAKE_PREFIX_PATH=/opt/ros/humble /usr/bin/cmake --build /home/fml/ros-main/build/fishbot_description -- -j2 -l2
[0.876s] Invoking command in '/home/fml/ros-main/build/fishbot_description': CMAKE_PREFIX_PATH=/opt/ros/humble /usr/bin/cmake --install /home/fml/ros-main/build/fishbot_description
[0.881s] -- Install configuration: ""
[0.881s] -- Installing: /home/fml/ros-main/install/fishbot_description/share/fishbot_description/launch
[0.882s] -- Installing: /home/fml/ros-main/install/fishbot_description/share/fishbot_description/launch/laser_filter.launch.py
[0.882s] -- Installing: /home/fml/ros-main/install/fishbot_description/share/fishbot_description/launch/display_robot.launch.py
[0.882s] -- Installing: /home/fml/ros-main/install/fishbot_description/share/fishbot_description/launch/gazebo_sim.launch.py
[0.883s] -- Installing: /home/fml/ros-main/install/fishbot_description/share/fishbot_description/launch/improved_navigation.launch.py
[0.883s] -- Installing: /home/fml/ros-main/install/fishbot_description/share/fishbot_description/urdf
[0.883s] -- Installing: /home/fml/ros-main/install/fishbot_description/share/fishbot_description/urdf/fishbot
[0.883s] -- Installing: /home/fml/ros-main/install/fishbot_description/share/fishbot_description/urdf/fishbot/fishbot.urdf.xacro
[0.883s] -- Installing: /home/fml/ros-main/install/fishbot_description/share/fishbot_description/urdf/fishbot/actuator
[0.883s] -- Installing: /home/fml/ros-main/install/fishbot_description/share/fishbot_description/urdf/fishbot/actuator/wheel.urdf.xacro
[0.884s] -- Installing: /home/fml/ros-main/install/fishbot_description/share/fishbot_description/urdf/fishbot/fishbot.ros2_control.xacro
[0.884s] -- Installing: /home/fml/ros-main/install/fishbot_description/share/fishbot_description/urdf/fishbot/plugins
[0.884s] -- Installing: /home/fml/ros-main/install/fishbot_description/share/fishbot_description/urdf/fishbot/plugins/gazebo_sensor_plugin.xacro
[0.884s] -- Installing: /home/fml/ros-main/install/fishbot_description/share/fishbot_description/urdf/fishbot/plugins/gazebo_control_plugin.xacro
[0.885s] -- Installing: /home/fml/ros-main/install/fishbot_description/share/fishbot_description/urdf/fishbot/common_inertia.xacro
[0.885s] -- Installing: /home/fml/ros-main/install/fishbot_description/share/fishbot_description/urdf/fishbot/sensor
[0.885s] -- Installing: /home/fml/ros-main/install/fishbot_description/share/fishbot_description/urdf/fishbot/sensor/imu.urdf.xacro
[0.886s] -- Installing: /home/fml/ros-main/install/fishbot_description/share/fishbot_description/urdf/fishbot/sensor/laser_rear.urdf.xacro
[0.886s] -- Installing: /home/fml/ros-main/install/fishbot_description/share/fishbot_description/urdf/fishbot/sensor/laser_front.urdf.xacro
[0.886s] -- Installing: /home/fml/ros-main/install/fishbot_description/share/fishbot_description/urdf/fishbot/base.urdf.xacro
[0.887s] -- Installing: /home/fml/ros-main/install/fishbot_description/share/fishbot_description/urdf/fishbot.urdf.xacro
[0.887s] -- Installing: /home/fml/ros-main/install/fishbot_description/share/fishbot_description/config
[0.887s] -- Installing: /home/fml/ros-main/install/fishbot_description/share/fishbot_description/config/fishbot_ros2_controller.yaml
[0.887s] -- Installing: /home/fml/ros-main/install/fishbot_description/share/fishbot_description/config/laser_filter_config.yaml
[0.888s] -- Installing: /home/fml/ros-main/install/fishbot_description/share/fishbot_description/config/rviz
[0.888s] -- Installing: /home/fml/ros-main/install/fishbot_description/share/fishbot_description/config/rviz/dispaly_model.rviz
[0.888s] -- Installing: /home/fml/ros-main/install/fishbot_description/share/fishbot_description/world
[0.888s] -- Installing: /home/fml/ros-main/install/fishbot_description/share/fishbot_description/world/custom_room.world
[0.889s] -- Installing: /home/fml/ros-main/install/fishbot_description/share/fishbot_description/world/room
[0.889s] -- Installing: /home/fml/ros-main/install/fishbot_description/share/fishbot_description/world/room/model.config
[0.889s] -- Installing: /home/fml/ros-main/install/fishbot_description/share/fishbot_description/world/room/model.sdf
[0.890s] -- Installing: /home/fml/ros-main/install/fishbot_description/lib/fishbot_description/tf_stabilizer.py
[0.891s] -- Installing: /home/fml/ros-main/install/fishbot_description/share/ament_index/resource_index/package_run_dependencies/fishbot_description
[0.891s] -- Installing: /home/fml/ros-main/install/fishbot_description/share/ament_index/resource_index/parent_prefix_path/fishbot_description
[0.891s] -- Installing: /home/fml/ros-main/install/fishbot_description/share/fishbot_description/environment/ament_prefix_path.sh
[0.891s] -- Installing: /home/fml/ros-main/install/fishbot_description/share/fishbot_description/environment/ament_prefix_path.dsv
[0.892s] -- Installing: /home/fml/ros-main/install/fishbot_description/share/fishbot_description/environment/path.sh
[0.892s] -- Installing: /home/fml/ros-main/install/fishbot_description/share/fishbot_description/environment/path.dsv
[0.892s] -- Installing: /home/fml/ros-main/install/fishbot_description/share/fishbot_description/local_setup.bash
[0.892s] -- Installing: /home/fml/ros-main/install/fishbot_description/share/fishbot_description/local_setup.sh
[0.892s] -- Installing: /home/fml/ros-main/install/fishbot_description/share/fishbot_description/local_setup.zsh
[0.892s] -- Installing: /home/fml/ros-main/install/fishbot_description/share/fishbot_description/local_setup.dsv
[0.892s] -- Installing: /home/fml/ros-main/install/fishbot_description/share/fishbot_description/package.dsv
[0.892s] -- Installing: /home/fml/ros-main/install/fishbot_description/share/ament_index/resource_index/packages/fishbot_description
[0.892s] -- Installing: /home/fml/ros-main/install/fishbot_description/share/fishbot_description/cmake/fishbot_descriptionConfig.cmake
[0.892s] -- Installing: /home/fml/ros-main/install/fishbot_description/share/fishbot_description/cmake/fishbot_descriptionConfig-version.cmake
[0.892s] -- Installing: /home/fml/ros-main/install/fishbot_description/share/fishbot_description/package.xml
[0.930s] Invoked command in '/home/fml/ros-main/build/fishbot_description' returned '0': CMAKE_PREFIX_PATH=/opt/ros/humble /usr/bin/cmake --install /home/fml/ros-main/build/fishbot_description
