[0.010s] Invoking command in '/home/fml/ros-main/build/fishbot_navigation2': CMAKE_PREFIX_PATH=/opt/ros/humble /usr/bin/cmake /home/fml/ros-main/src/fishbot_navigation2 -DCMAKE_INSTALL_PREFIX=/home/fml/ros-main/install/fishbot_navigation2
[0.169s] -- The C compiler identification is GNU 11.4.0
[0.265s] -- The CXX compiler identification is GNU 11.4.0
[0.281s] -- Detecting C compiler ABI info
[0.371s] -- Detecting C compiler ABI info - done
[0.379s] -- Check for working C compiler: /usr/bin/cc - skipped
[0.379s] -- Detecting C compile features
[0.380s] -- Detecting C compile features - done
[0.384s] -- Detecting CXX compiler ABI info
[0.485s] -- Detecting CXX compiler ABI info - done
[0.488s] -- Check for working CXX compiler: /usr/bin/c++ - skipped
[0.489s] -- Detecting CXX compile features
[0.490s] -- Detecting CXX compile features - done
[0.491s] -- Found ament_cmake: 1.3.11 (/opt/ros/humble/share/ament_cmake/cmake)
[0.631s] -- Found Python3: /usr/bin/python3 (found version "3.10.12") found components: Interpreter 
[0.726s] -- Found ament_lint_auto: 0.12.12 (/opt/ros/humble/share/ament_lint_auto/cmake)
[0.796s] -- Added test 'flake8' to check Python code syntax and style conventions
[0.797s] -- Added test 'lint_cmake' to check CMake code style
[0.798s] -- Added test 'pep257' to check Python code against some of the docstring style conventions in PEP 257
[0.799s] -- Added test 'xmllint' to check XML markup files
[0.805s] -- Configuring done
[0.807s] -- Generating done
[0.809s] -- Build files have been written to: /home/fml/ros-main/build/fishbot_navigation2
[0.816s] Invoked command in '/home/fml/ros-main/build/fishbot_navigation2' returned '0': CMAKE_PREFIX_PATH=/opt/ros/humble /usr/bin/cmake /home/fml/ros-main/src/fishbot_navigation2 -DCMAKE_INSTALL_PREFIX=/home/fml/ros-main/install/fishbot_navigation2
[0.817s] Invoking command in '/home/fml/ros-main/build/fishbot_navigation2': CMAKE_PREFIX_PATH=/opt/ros/humble /usr/bin/cmake --build /home/fml/ros-main/build/fishbot_navigation2 -- -j2 -l2
[0.864s] Invoked command in '/home/fml/ros-main/build/fishbot_navigation2' returned '0': CMAKE_PREFIX_PATH=/opt/ros/humble /usr/bin/cmake --build /home/fml/ros-main/build/fishbot_navigation2 -- -j2 -l2
[0.864s] Invoking command in '/home/fml/ros-main/build/fishbot_navigation2': CMAKE_PREFIX_PATH=/opt/ros/humble /usr/bin/cmake --install /home/fml/ros-main/build/fishbot_navigation2
[0.871s] -- Install configuration: ""
[0.871s] -- Installing: /home/fml/ros-main/install/fishbot_navigation2/share/fishbot_navigation2/launch
[0.872s] -- Installing: /home/fml/ros-main/install/fishbot_navigation2/share/fishbot_navigation2/launch/navigation2.launch.py
[0.872s] -- Installing: /home/fml/ros-main/install/fishbot_navigation2/share/fishbot_navigation2/maps
[0.872s] -- Installing: /home/fml/ros-main/install/fishbot_navigation2/share/fishbot_navigation2/maps/room.pgm
[0.873s] -- Installing: /home/fml/ros-main/install/fishbot_navigation2/share/fishbot_navigation2/maps/room.yaml
[0.873s] -- Installing: /home/fml/ros-main/install/fishbot_navigation2/share/fishbot_navigation2/config
[0.873s] -- Installing: /home/fml/ros-main/install/fishbot_navigation2/share/fishbot_navigation2/config/nav2_params.yaml
[0.874s] -- Installing: /home/fml/ros-main/install/fishbot_navigation2/share/ament_index/resource_index/package_run_dependencies/fishbot_navigation2
[0.874s] -- Installing: /home/fml/ros-main/install/fishbot_navigation2/share/ament_index/resource_index/parent_prefix_path/fishbot_navigation2
[0.874s] -- Installing: /home/fml/ros-main/install/fishbot_navigation2/share/fishbot_navigation2/environment/ament_prefix_path.sh
[0.874s] -- Installing: /home/fml/ros-main/install/fishbot_navigation2/share/fishbot_navigation2/environment/ament_prefix_path.dsv
[0.874s] -- Installing: /home/fml/ros-main/install/fishbot_navigation2/share/fishbot_navigation2/environment/path.sh
[0.874s] -- Installing: /home/fml/ros-main/install/fishbot_navigation2/share/fishbot_navigation2/environment/path.dsv
[0.875s] -- Installing: /home/fml/ros-main/install/fishbot_navigation2/share/fishbot_navigation2/local_setup.bash
[0.875s] -- Installing: /home/fml/ros-main/install/fishbot_navigation2/share/fishbot_navigation2/local_setup.sh
[0.875s] -- Installing: /home/fml/ros-main/install/fishbot_navigation2/share/fishbot_navigation2/local_setup.zsh
[0.875s] -- Installing: /home/fml/ros-main/install/fishbot_navigation2/share/fishbot_navigation2/local_setup.dsv
[0.876s] -- Installing: /home/fml/ros-main/install/fishbot_navigation2/share/fishbot_navigation2/package.dsv
[0.876s] -- Installing: /home/fml/ros-main/install/fishbot_navigation2/share/ament_index/resource_index/packages/fishbot_navigation2
[0.876s] -- Installing: /home/fml/ros-main/install/fishbot_navigation2/share/fishbot_navigation2/cmake/fishbot_navigation2Config.cmake
[0.876s] -- Installing: /home/fml/ros-main/install/fishbot_navigation2/share/fishbot_navigation2/cmake/fishbot_navigation2Config-version.cmake
[0.876s] -- Installing: /home/fml/ros-main/install/fishbot_navigation2/share/fishbot_navigation2/package.xml
[0.878s] Invoked command in '/home/fml/ros-main/build/fishbot_navigation2' returned '0': CMAKE_PREFIX_PATH=/opt/ros/humble /usr/bin/cmake --install /home/fml/ros-main/build/fishbot_navigation2
