[0.226s] DEBUG:colcon:Command line arguments: ['/usr/bin/colcon', 'build']
[0.226s] DEBUG:colcon:Parsed command line arguments: Namespace(log_base=None, log_level=None, verb_name='build', build_base='build', install_base='install', merge_install=False, symlink_install=False, test_result_base=None, continue_on_error=False, executor='parallel', parallel_workers=2, event_handlers=None, ignore_user_meta=False, metas=['./colcon.meta'], base_paths=['.'], packages_ignore=None, packages_ignore_regex=None, paths=None, packages_up_to=None, packages_up_to_regex=None, packages_above=None, packages_above_and_dependencies=None, packages_above_depth=None, packages_select_by_dep=None, packages_skip_by_dep=None, packages_skip_up_to=None, packages_select_build_failed=False, packages_skip_build_finished=False, packages_select_test_failures=False, packages_skip_test_passed=False, packages_select=None, packages_skip=None, packages_select_regex=None, packages_skip_regex=None, packages_start=None, packages_end=None, allow_overriding=[], cmake_args=None, cmake_target=None, cmake_target_skip_unavailable=False, cmake_clean_cache=False, cmake_clean_first=False, cmake_force_configure=False, ament_cmake_args=None, catkin_cmake_args=None, catkin_skip_building_tests=False, verb_parser=<colcon_defaults.argument_parser.defaults.DefaultArgumentsDecorator object at 0x7c38fa7e7a60>, verb_extension=<colcon_core.verb.build.BuildVerb object at 0x7c38fa928dc0>, main=<bound method BuildVerb.main of <colcon_core.verb.build.BuildVerb object at 0x7c38fa928dc0>>)
[0.406s] Level 1:colcon.colcon_core.package_discovery:discover_packages(colcon_meta) check parameters
[0.406s] Level 1:colcon.colcon_core.package_discovery:discover_packages(recursive) check parameters
[0.406s] Level 1:colcon.colcon_core.package_discovery:discover_packages(ignore) check parameters
[0.406s] Level 1:colcon.colcon_core.package_discovery:discover_packages(path) check parameters
[0.406s] Level 1:colcon.colcon_core.package_discovery:discover_packages(colcon_meta) discover
[0.406s] Level 1:colcon.colcon_core.package_discovery:discover_packages(recursive) discover
[0.406s] INFO:colcon.colcon_core.package_discovery:Crawling recursively for packages in '/home/fml/ros-main'
[0.406s] Level 1:colcon.colcon_core.package_identification:_identify(.) by extensions ['ignore', 'ignore_ament_install']
[0.406s] Level 1:colcon.colcon_core.package_identification:_identify(.) by extension 'ignore'
[0.406s] Level 1:colcon.colcon_core.package_identification:_identify(.) by extension 'ignore_ament_install'
[0.406s] Level 1:colcon.colcon_core.package_identification:_identify(.) by extensions ['colcon_pkg']
[0.406s] Level 1:colcon.colcon_core.package_identification:_identify(.) by extension 'colcon_pkg'
[0.406s] Level 1:colcon.colcon_core.package_identification:_identify(.) by extensions ['colcon_meta']
[0.406s] Level 1:colcon.colcon_core.package_identification:_identify(.) by extension 'colcon_meta'
[0.406s] Level 1:colcon.colcon_core.package_identification:_identify(.) by extensions ['ros']
[0.406s] Level 1:colcon.colcon_core.package_identification:_identify(.) by extension 'ros'
[0.418s] Level 1:colcon.colcon_core.package_identification:_identify(.) by extensions ['cmake', 'python']
[0.418s] Level 1:colcon.colcon_core.package_identification:_identify(.) by extension 'cmake'
[0.418s] Level 1:colcon.colcon_core.package_identification:_identify(.) by extension 'python'
[0.418s] Level 1:colcon.colcon_core.package_identification:_identify(.) by extensions ['python_setup_py']
[0.418s] Level 1:colcon.colcon_core.package_identification:_identify(.) by extension 'python_setup_py'
[0.418s] Level 1:colcon.colcon_core.package_identification:_identify(build) by extensions ['ignore', 'ignore_ament_install']
[0.418s] Level 1:colcon.colcon_core.package_identification:_identify(build) by extension 'ignore'
[0.418s] Level 1:colcon.colcon_core.package_identification:_identify(build) ignored
[0.418s] Level 1:colcon.colcon_core.package_identification:_identify(install) by extensions ['ignore', 'ignore_ament_install']
[0.418s] Level 1:colcon.colcon_core.package_identification:_identify(install) by extension 'ignore'
[0.418s] Level 1:colcon.colcon_core.package_identification:_identify(install) ignored
[0.419s] Level 1:colcon.colcon_core.package_identification:_identify(log) by extensions ['ignore', 'ignore_ament_install']
[0.419s] Level 1:colcon.colcon_core.package_identification:_identify(log) by extension 'ignore'
[0.419s] Level 1:colcon.colcon_core.package_identification:_identify(log) ignored
[0.419s] Level 1:colcon.colcon_core.package_identification:_identify(src) by extensions ['ignore', 'ignore_ament_install']
[0.419s] Level 1:colcon.colcon_core.package_identification:_identify(src) by extension 'ignore'
[0.419s] Level 1:colcon.colcon_core.package_identification:_identify(src) by extension 'ignore_ament_install'
[0.419s] Level 1:colcon.colcon_core.package_identification:_identify(src) by extensions ['colcon_pkg']
[0.419s] Level 1:colcon.colcon_core.package_identification:_identify(src) by extension 'colcon_pkg'
[0.419s] Level 1:colcon.colcon_core.package_identification:_identify(src) by extensions ['colcon_meta']
[0.419s] Level 1:colcon.colcon_core.package_identification:_identify(src) by extension 'colcon_meta'
[0.419s] Level 1:colcon.colcon_core.package_identification:_identify(src) by extensions ['ros']
[0.419s] Level 1:colcon.colcon_core.package_identification:_identify(src) by extension 'ros'
[0.419s] Level 1:colcon.colcon_core.package_identification:_identify(src) by extensions ['cmake', 'python']
[0.419s] Level 1:colcon.colcon_core.package_identification:_identify(src) by extension 'cmake'
[0.419s] Level 1:colcon.colcon_core.package_identification:_identify(src) by extension 'python'
[0.419s] Level 1:colcon.colcon_core.package_identification:_identify(src) by extensions ['python_setup_py']
[0.419s] Level 1:colcon.colcon_core.package_identification:_identify(src) by extension 'python_setup_py'
[0.419s] Level 1:colcon.colcon_core.package_identification:_identify(src/fishbot_description) by extensions ['ignore', 'ignore_ament_install']
[0.419s] Level 1:colcon.colcon_core.package_identification:_identify(src/fishbot_description) by extension 'ignore'
[0.419s] Level 1:colcon.colcon_core.package_identification:_identify(src/fishbot_description) by extension 'ignore_ament_install'
[0.419s] Level 1:colcon.colcon_core.package_identification:_identify(src/fishbot_description) by extensions ['colcon_pkg']
[0.419s] Level 1:colcon.colcon_core.package_identification:_identify(src/fishbot_description) by extension 'colcon_pkg'
[0.419s] Level 1:colcon.colcon_core.package_identification:_identify(src/fishbot_description) by extensions ['colcon_meta']
[0.419s] Level 1:colcon.colcon_core.package_identification:_identify(src/fishbot_description) by extension 'colcon_meta'
[0.419s] Level 1:colcon.colcon_core.package_identification:_identify(src/fishbot_description) by extensions ['ros']
[0.419s] Level 1:colcon.colcon_core.package_identification:_identify(src/fishbot_description) by extension 'ros'
[0.422s] DEBUG:colcon.colcon_core.package_identification:Package 'src/fishbot_description' with type 'ros.ament_cmake' and name 'fishbot_description'
[0.422s] Level 1:colcon.colcon_core.package_identification:_identify(src/fishbot_navigation2) by extensions ['ignore', 'ignore_ament_install']
[0.422s] Level 1:colcon.colcon_core.package_identification:_identify(src/fishbot_navigation2) by extension 'ignore'
[0.422s] Level 1:colcon.colcon_core.package_identification:_identify(src/fishbot_navigation2) by extension 'ignore_ament_install'
[0.422s] Level 1:colcon.colcon_core.package_identification:_identify(src/fishbot_navigation2) by extensions ['colcon_pkg']
[0.422s] Level 1:colcon.colcon_core.package_identification:_identify(src/fishbot_navigation2) by extension 'colcon_pkg'
[0.422s] Level 1:colcon.colcon_core.package_identification:_identify(src/fishbot_navigation2) by extensions ['colcon_meta']
[0.422s] Level 1:colcon.colcon_core.package_identification:_identify(src/fishbot_navigation2) by extension 'colcon_meta'
[0.422s] Level 1:colcon.colcon_core.package_identification:_identify(src/fishbot_navigation2) by extensions ['ros']
[0.422s] Level 1:colcon.colcon_core.package_identification:_identify(src/fishbot_navigation2) by extension 'ros'
[0.422s] DEBUG:colcon.colcon_core.package_identification:Package 'src/fishbot_navigation2' with type 'ros.ament_cmake' and name 'fishbot_navigation2'
[0.423s] Level 1:colcon.colcon_core.package_identification:_identify(src/nav2_custom_controller) by extensions ['ignore', 'ignore_ament_install']
[0.423s] Level 1:colcon.colcon_core.package_identification:_identify(src/nav2_custom_controller) by extension 'ignore'
[0.423s] Level 1:colcon.colcon_core.package_identification:_identify(src/nav2_custom_controller) by extension 'ignore_ament_install'
[0.423s] Level 1:colcon.colcon_core.package_identification:_identify(src/nav2_custom_controller) by extensions ['colcon_pkg']
[0.423s] Level 1:colcon.colcon_core.package_identification:_identify(src/nav2_custom_controller) by extension 'colcon_pkg'
[0.423s] Level 1:colcon.colcon_core.package_identification:_identify(src/nav2_custom_controller) by extensions ['colcon_meta']
[0.423s] Level 1:colcon.colcon_core.package_identification:_identify(src/nav2_custom_controller) by extension 'colcon_meta'
[0.423s] Level 1:colcon.colcon_core.package_identification:_identify(src/nav2_custom_controller) by extensions ['ros']
[0.423s] Level 1:colcon.colcon_core.package_identification:_identify(src/nav2_custom_controller) by extension 'ros'
[0.424s] DEBUG:colcon.colcon_core.package_identification:Package 'src/nav2_custom_controller' with type 'ros.ament_cmake' and name 'nav2_custom_controller'
[0.424s] Level 1:colcon.colcon_core.package_identification:_identify(src/nav2_custom_planner) by extensions ['ignore', 'ignore_ament_install']
[0.424s] Level 1:colcon.colcon_core.package_identification:_identify(src/nav2_custom_planner) by extension 'ignore'
[0.424s] Level 1:colcon.colcon_core.package_identification:_identify(src/nav2_custom_planner) by extension 'ignore_ament_install'
[0.424s] Level 1:colcon.colcon_core.package_identification:_identify(src/nav2_custom_planner) by extensions ['colcon_pkg']
[0.424s] Level 1:colcon.colcon_core.package_identification:_identify(src/nav2_custom_planner) by extension 'colcon_pkg'
[0.424s] Level 1:colcon.colcon_core.package_identification:_identify(src/nav2_custom_planner) by extensions ['colcon_meta']
[0.424s] Level 1:colcon.colcon_core.package_identification:_identify(src/nav2_custom_planner) by extension 'colcon_meta'
[0.424s] Level 1:colcon.colcon_core.package_identification:_identify(src/nav2_custom_planner) by extensions ['ros']
[0.424s] Level 1:colcon.colcon_core.package_identification:_identify(src/nav2_custom_planner) by extension 'ros'
[0.425s] DEBUG:colcon.colcon_core.package_identification:Package 'src/nav2_custom_planner' with type 'ros.ament_cmake' and name 'nav2_custom_planner'
[0.425s] Level 1:colcon.colcon_core.package_identification:_identify(src/pointcloud_merger) by extensions ['ignore', 'ignore_ament_install']
[0.425s] Level 1:colcon.colcon_core.package_identification:_identify(src/pointcloud_merger) by extension 'ignore'
[0.425s] Level 1:colcon.colcon_core.package_identification:_identify(src/pointcloud_merger) by extension 'ignore_ament_install'
[0.425s] Level 1:colcon.colcon_core.package_identification:_identify(src/pointcloud_merger) by extensions ['colcon_pkg']
[0.425s] Level 1:colcon.colcon_core.package_identification:_identify(src/pointcloud_merger) by extension 'colcon_pkg'
[0.425s] Level 1:colcon.colcon_core.package_identification:_identify(src/pointcloud_merger) by extensions ['colcon_meta']
[0.425s] Level 1:colcon.colcon_core.package_identification:_identify(src/pointcloud_merger) by extension 'colcon_meta'
[0.425s] Level 1:colcon.colcon_core.package_identification:_identify(src/pointcloud_merger) by extensions ['ros']
[0.425s] Level 1:colcon.colcon_core.package_identification:_identify(src/pointcloud_merger) by extension 'ros'
[0.426s] DEBUG:colcon.colcon_core.package_identification:Package 'src/pointcloud_merger' with type 'ros.ament_cmake' and name 'pointcloud_merger'
[0.426s] Level 1:colcon.colcon_core.package_discovery:discover_packages(recursive) using defaults
[0.426s] Level 1:colcon.colcon_core.package_discovery:discover_packages(ignore) discover
[0.426s] Level 1:colcon.colcon_core.package_discovery:discover_packages(ignore) using defaults
[0.426s] Level 1:colcon.colcon_core.package_discovery:discover_packages(path) discover
[0.426s] Level 1:colcon.colcon_core.package_discovery:discover_packages(path) using defaults
[0.452s] Level 1:colcon.colcon_core.package_discovery:discover_packages(prefix_path) check parameters
[0.452s] Level 1:colcon.colcon_core.package_discovery:discover_packages(prefix_path) discover
[0.455s] DEBUG:colcon.colcon_installed_package_information.package_discovery:Found 359 installed packages in /opt/ros/humble
[0.462s] Level 1:colcon.colcon_core.package_discovery:discover_packages(prefix_path) using defaults
[0.488s] Level 5:colcon.colcon_core.verb:set package 'fishbot_description' build argument 'cmake_args' from command line to 'None'
[0.488s] Level 5:colcon.colcon_core.verb:set package 'fishbot_description' build argument 'cmake_target' from command line to 'None'
[0.488s] Level 5:colcon.colcon_core.verb:set package 'fishbot_description' build argument 'cmake_target_skip_unavailable' from command line to 'False'
[0.488s] Level 5:colcon.colcon_core.verb:set package 'fishbot_description' build argument 'cmake_clean_cache' from command line to 'False'
[0.488s] Level 5:colcon.colcon_core.verb:set package 'fishbot_description' build argument 'cmake_clean_first' from command line to 'False'
[0.488s] Level 5:colcon.colcon_core.verb:set package 'fishbot_description' build argument 'cmake_force_configure' from command line to 'False'
[0.488s] Level 5:colcon.colcon_core.verb:set package 'fishbot_description' build argument 'ament_cmake_args' from command line to 'None'
[0.488s] Level 5:colcon.colcon_core.verb:set package 'fishbot_description' build argument 'catkin_cmake_args' from command line to 'None'
[0.488s] Level 5:colcon.colcon_core.verb:set package 'fishbot_description' build argument 'catkin_skip_building_tests' from command line to 'False'
[0.488s] DEBUG:colcon.colcon_core.verb:Building package 'fishbot_description' with the following arguments: {'ament_cmake_args': None, 'build_base': '/home/fml/ros-main/build/fishbot_description', 'catkin_cmake_args': None, 'catkin_skip_building_tests': False, 'cmake_args': None, 'cmake_clean_cache': False, 'cmake_clean_first': False, 'cmake_force_configure': False, 'cmake_target': None, 'cmake_target_skip_unavailable': False, 'install_base': '/home/fml/ros-main/install/fishbot_description', 'merge_install': False, 'path': '/home/fml/ros-main/src/fishbot_description', 'symlink_install': False, 'test_result_base': None}
[0.488s] Level 5:colcon.colcon_core.verb:set package 'fishbot_navigation2' build argument 'cmake_args' from command line to 'None'
[0.488s] Level 5:colcon.colcon_core.verb:set package 'fishbot_navigation2' build argument 'cmake_target' from command line to 'None'
[0.488s] Level 5:colcon.colcon_core.verb:set package 'fishbot_navigation2' build argument 'cmake_target_skip_unavailable' from command line to 'False'
[0.488s] Level 5:colcon.colcon_core.verb:set package 'fishbot_navigation2' build argument 'cmake_clean_cache' from command line to 'False'
[0.488s] Level 5:colcon.colcon_core.verb:set package 'fishbot_navigation2' build argument 'cmake_clean_first' from command line to 'False'
[0.488s] Level 5:colcon.colcon_core.verb:set package 'fishbot_navigation2' build argument 'cmake_force_configure' from command line to 'False'
[0.488s] Level 5:colcon.colcon_core.verb:set package 'fishbot_navigation2' build argument 'ament_cmake_args' from command line to 'None'
[0.488s] Level 5:colcon.colcon_core.verb:set package 'fishbot_navigation2' build argument 'catkin_cmake_args' from command line to 'None'
[0.488s] Level 5:colcon.colcon_core.verb:set package 'fishbot_navigation2' build argument 'catkin_skip_building_tests' from command line to 'False'
[0.489s] DEBUG:colcon.colcon_core.verb:Building package 'fishbot_navigation2' with the following arguments: {'ament_cmake_args': None, 'build_base': '/home/fml/ros-main/build/fishbot_navigation2', 'catkin_cmake_args': None, 'catkin_skip_building_tests': False, 'cmake_args': None, 'cmake_clean_cache': False, 'cmake_clean_first': False, 'cmake_force_configure': False, 'cmake_target': None, 'cmake_target_skip_unavailable': False, 'install_base': '/home/fml/ros-main/install/fishbot_navigation2', 'merge_install': False, 'path': '/home/fml/ros-main/src/fishbot_navigation2', 'symlink_install': False, 'test_result_base': None}
[0.489s] Level 5:colcon.colcon_core.verb:set package 'nav2_custom_controller' build argument 'cmake_args' from command line to 'None'
[0.489s] Level 5:colcon.colcon_core.verb:set package 'nav2_custom_controller' build argument 'cmake_target' from command line to 'None'
[0.489s] Level 5:colcon.colcon_core.verb:set package 'nav2_custom_controller' build argument 'cmake_target_skip_unavailable' from command line to 'False'
[0.489s] Level 5:colcon.colcon_core.verb:set package 'nav2_custom_controller' build argument 'cmake_clean_cache' from command line to 'False'
[0.489s] Level 5:colcon.colcon_core.verb:set package 'nav2_custom_controller' build argument 'cmake_clean_first' from command line to 'False'
[0.489s] Level 5:colcon.colcon_core.verb:set package 'nav2_custom_controller' build argument 'cmake_force_configure' from command line to 'False'
[0.489s] Level 5:colcon.colcon_core.verb:set package 'nav2_custom_controller' build argument 'ament_cmake_args' from command line to 'None'
[0.489s] Level 5:colcon.colcon_core.verb:set package 'nav2_custom_controller' build argument 'catkin_cmake_args' from command line to 'None'
[0.489s] Level 5:colcon.colcon_core.verb:set package 'nav2_custom_controller' build argument 'catkin_skip_building_tests' from command line to 'False'
[0.489s] DEBUG:colcon.colcon_core.verb:Building package 'nav2_custom_controller' with the following arguments: {'ament_cmake_args': None, 'build_base': '/home/fml/ros-main/build/nav2_custom_controller', 'catkin_cmake_args': None, 'catkin_skip_building_tests': False, 'cmake_args': None, 'cmake_clean_cache': False, 'cmake_clean_first': False, 'cmake_force_configure': False, 'cmake_target': None, 'cmake_target_skip_unavailable': False, 'install_base': '/home/fml/ros-main/install/nav2_custom_controller', 'merge_install': False, 'path': '/home/fml/ros-main/src/nav2_custom_controller', 'symlink_install': False, 'test_result_base': None}
[0.489s] Level 5:colcon.colcon_core.verb:set package 'nav2_custom_planner' build argument 'cmake_args' from command line to 'None'
[0.489s] Level 5:colcon.colcon_core.verb:set package 'nav2_custom_planner' build argument 'cmake_target' from command line to 'None'
[0.489s] Level 5:colcon.colcon_core.verb:set package 'nav2_custom_planner' build argument 'cmake_target_skip_unavailable' from command line to 'False'
[0.489s] Level 5:colcon.colcon_core.verb:set package 'nav2_custom_planner' build argument 'cmake_clean_cache' from command line to 'False'
[0.489s] Level 5:colcon.colcon_core.verb:set package 'nav2_custom_planner' build argument 'cmake_clean_first' from command line to 'False'
[0.489s] Level 5:colcon.colcon_core.verb:set package 'nav2_custom_planner' build argument 'cmake_force_configure' from command line to 'False'
[0.489s] Level 5:colcon.colcon_core.verb:set package 'nav2_custom_planner' build argument 'ament_cmake_args' from command line to 'None'
[0.489s] Level 5:colcon.colcon_core.verb:set package 'nav2_custom_planner' build argument 'catkin_cmake_args' from command line to 'None'
[0.489s] Level 5:colcon.colcon_core.verb:set package 'nav2_custom_planner' build argument 'catkin_skip_building_tests' from command line to 'False'
[0.489s] DEBUG:colcon.colcon_core.verb:Building package 'nav2_custom_planner' with the following arguments: {'ament_cmake_args': None, 'build_base': '/home/fml/ros-main/build/nav2_custom_planner', 'catkin_cmake_args': None, 'catkin_skip_building_tests': False, 'cmake_args': None, 'cmake_clean_cache': False, 'cmake_clean_first': False, 'cmake_force_configure': False, 'cmake_target': None, 'cmake_target_skip_unavailable': False, 'install_base': '/home/fml/ros-main/install/nav2_custom_planner', 'merge_install': False, 'path': '/home/fml/ros-main/src/nav2_custom_planner', 'symlink_install': False, 'test_result_base': None}
[0.489s] Level 5:colcon.colcon_core.verb:set package 'pointcloud_merger' build argument 'cmake_args' from command line to 'None'
[0.489s] Level 5:colcon.colcon_core.verb:set package 'pointcloud_merger' build argument 'cmake_target' from command line to 'None'
[0.489s] Level 5:colcon.colcon_core.verb:set package 'pointcloud_merger' build argument 'cmake_target_skip_unavailable' from command line to 'False'
[0.489s] Level 5:colcon.colcon_core.verb:set package 'pointcloud_merger' build argument 'cmake_clean_cache' from command line to 'False'
[0.489s] Level 5:colcon.colcon_core.verb:set package 'pointcloud_merger' build argument 'cmake_clean_first' from command line to 'False'
[0.489s] Level 5:colcon.colcon_core.verb:set package 'pointcloud_merger' build argument 'cmake_force_configure' from command line to 'False'
[0.489s] Level 5:colcon.colcon_core.verb:set package 'pointcloud_merger' build argument 'ament_cmake_args' from command line to 'None'
[0.489s] Level 5:colcon.colcon_core.verb:set package 'pointcloud_merger' build argument 'catkin_cmake_args' from command line to 'None'
[0.489s] Level 5:colcon.colcon_core.verb:set package 'pointcloud_merger' build argument 'catkin_skip_building_tests' from command line to 'False'
[0.489s] DEBUG:colcon.colcon_core.verb:Building package 'pointcloud_merger' with the following arguments: {'ament_cmake_args': None, 'build_base': '/home/fml/ros-main/build/pointcloud_merger', 'catkin_cmake_args': None, 'catkin_skip_building_tests': False, 'cmake_args': None, 'cmake_clean_cache': False, 'cmake_clean_first': False, 'cmake_force_configure': False, 'cmake_target': None, 'cmake_target_skip_unavailable': False, 'install_base': '/home/fml/ros-main/install/pointcloud_merger', 'merge_install': False, 'path': '/home/fml/ros-main/src/pointcloud_merger', 'symlink_install': False, 'test_result_base': None}
[0.489s] INFO:colcon.colcon_core.executor:Executing jobs using 'parallel' executor
[0.491s] DEBUG:colcon.colcon_parallel_executor.executor.parallel:run_until_complete
[0.491s] INFO:colcon.colcon_ros.task.ament_cmake.build:Building ROS package in '/home/fml/ros-main/src/fishbot_description' with build type 'ament_cmake'
[0.491s] INFO:colcon.colcon_cmake.task.cmake.build:Building CMake package in '/home/fml/ros-main/src/fishbot_description'
[0.496s] INFO:colcon.colcon_core.plugin_system:Skipping extension 'colcon_core.shell.bat': Not used on non-Windows systems
[0.496s] INFO:colcon.colcon_core.shell:Skip shell extension 'powershell' for command environment: Not usable outside of PowerShell
[0.496s] DEBUG:colcon.colcon_core.shell:Skip shell extension 'dsv' for command environment
[0.499s] INFO:colcon.colcon_ros.task.ament_cmake.build:Building ROS package in '/home/fml/ros-main/src/fishbot_navigation2' with build type 'ament_cmake'
[0.499s] INFO:colcon.colcon_cmake.task.cmake.build:Building CMake package in '/home/fml/ros-main/src/fishbot_navigation2'
[0.499s] INFO:colcon.colcon_core.shell:Skip shell extension 'powershell' for command environment: Not usable outside of PowerShell
[0.499s] DEBUG:colcon.colcon_core.shell:Skip shell extension 'dsv' for command environment
[0.512s] DEBUG:colcon.colcon_core.event_handler.log_command:Invoking command in '/home/fml/ros-main/build/fishbot_description': CMAKE_PREFIX_PATH=/opt/ros/humble /usr/bin/cmake /home/fml/ros-main/src/fishbot_description -DCMAKE_INSTALL_PREFIX=/home/fml/ros-main/install/fishbot_description
[0.514s] DEBUG:colcon.colcon_core.event_handler.log_command:Invoking command in '/home/fml/ros-main/build/fishbot_navigation2': CMAKE_PREFIX_PATH=/opt/ros/humble /usr/bin/cmake /home/fml/ros-main/src/fishbot_navigation2 -DCMAKE_INSTALL_PREFIX=/home/fml/ros-main/install/fishbot_navigation2
[1.320s] DEBUG:colcon.colcon_core.event_handler.log_command:Invoked command in '/home/fml/ros-main/build/fishbot_navigation2' returned '0': CMAKE_PREFIX_PATH=/opt/ros/humble /usr/bin/cmake /home/fml/ros-main/src/fishbot_navigation2 -DCMAKE_INSTALL_PREFIX=/home/fml/ros-main/install/fishbot_navigation2
[1.321s] DEBUG:colcon.colcon_core.event_handler.log_command:Invoking command in '/home/fml/ros-main/build/fishbot_navigation2': CMAKE_PREFIX_PATH=/opt/ros/humble /usr/bin/cmake --build /home/fml/ros-main/build/fishbot_navigation2 -- -j2 -l2
[1.330s] DEBUG:colcon.colcon_core.event_handler.log_command:Invoked command in '/home/fml/ros-main/build/fishbot_description' returned '0': CMAKE_PREFIX_PATH=/opt/ros/humble /usr/bin/cmake /home/fml/ros-main/src/fishbot_description -DCMAKE_INSTALL_PREFIX=/home/fml/ros-main/install/fishbot_description
[1.333s] DEBUG:colcon.colcon_core.event_handler.log_command:Invoking command in '/home/fml/ros-main/build/fishbot_description': CMAKE_PREFIX_PATH=/opt/ros/humble /usr/bin/cmake --build /home/fml/ros-main/build/fishbot_description -- -j2 -l2
[1.361s] DEBUG:colcon.colcon_core.event_handler.log_command:Invoked command in '/home/fml/ros-main/build/fishbot_description' returned '0': CMAKE_PREFIX_PATH=/opt/ros/humble /usr/bin/cmake --build /home/fml/ros-main/build/fishbot_description -- -j2 -l2
[1.367s] DEBUG:colcon.colcon_core.event_handler.log_command:Invoking command in '/home/fml/ros-main/build/fishbot_description': CMAKE_PREFIX_PATH=/opt/ros/humble /usr/bin/cmake --install /home/fml/ros-main/build/fishbot_description
[1.368s] DEBUG:colcon.colcon_core.event_handler.log_command:Invoked command in '/home/fml/ros-main/build/fishbot_navigation2' returned '0': CMAKE_PREFIX_PATH=/opt/ros/humble /usr/bin/cmake --build /home/fml/ros-main/build/fishbot_navigation2 -- -j2 -l2
[1.368s] DEBUG:colcon.colcon_core.event_handler.log_command:Invoking command in '/home/fml/ros-main/build/fishbot_navigation2': CMAKE_PREFIX_PATH=/opt/ros/humble /usr/bin/cmake --install /home/fml/ros-main/build/fishbot_navigation2
[1.382s] Level 1:colcon.colcon_core.environment:create_environment_scripts_only(fishbot_navigation2)
[1.383s] DEBUG:colcon.colcon_core.event_handler.log_command:Invoked command in '/home/fml/ros-main/build/fishbot_navigation2' returned '0': CMAKE_PREFIX_PATH=/opt/ros/humble /usr/bin/cmake --install /home/fml/ros-main/build/fishbot_navigation2
[1.387s] Level 1:colcon.colcon_core.environment:checking '/home/fml/ros-main/install/fishbot_navigation2' for CMake module files
[1.388s] Level 1:colcon.colcon_core.environment:checking '/home/fml/ros-main/install/fishbot_navigation2' for CMake config files
[1.388s] Level 1:colcon.colcon_core.shell:create_environment_hook('fishbot_navigation2', 'cmake_prefix_path')
[1.388s] INFO:colcon.colcon_core.shell:Creating environment hook '/home/fml/ros-main/install/fishbot_navigation2/share/fishbot_navigation2/hook/cmake_prefix_path.ps1'
[1.389s] INFO:colcon.colcon_core.shell:Creating environment descriptor '/home/fml/ros-main/install/fishbot_navigation2/share/fishbot_navigation2/hook/cmake_prefix_path.dsv'
[1.389s] INFO:colcon.colcon_core.shell:Creating environment hook '/home/fml/ros-main/install/fishbot_navigation2/share/fishbot_navigation2/hook/cmake_prefix_path.sh'
[1.390s] Level 1:colcon.colcon_core.environment:checking '/home/fml/ros-main/install/fishbot_navigation2/bin'
[1.390s] Level 1:colcon.colcon_core.environment:checking '/home/fml/ros-main/install/fishbot_navigation2/lib/pkgconfig/fishbot_navigation2.pc'
[1.390s] Level 1:colcon.colcon_core.environment:checking '/home/fml/ros-main/install/fishbot_navigation2/lib/python3.10/site-packages'
[1.390s] Level 1:colcon.colcon_core.environment:checking '/home/fml/ros-main/install/fishbot_navigation2/bin'
[1.391s] INFO:colcon.colcon_core.shell:Creating package script '/home/fml/ros-main/install/fishbot_navigation2/share/fishbot_navigation2/package.ps1'
[1.391s] INFO:colcon.colcon_core.shell:Creating package descriptor '/home/fml/ros-main/install/fishbot_navigation2/share/fishbot_navigation2/package.dsv'
[1.392s] INFO:colcon.colcon_core.shell:Creating package script '/home/fml/ros-main/install/fishbot_navigation2/share/fishbot_navigation2/package.sh'
[1.393s] INFO:colcon.colcon_core.shell:Creating package script '/home/fml/ros-main/install/fishbot_navigation2/share/fishbot_navigation2/package.bash'
[1.394s] INFO:colcon.colcon_core.shell:Creating package script '/home/fml/ros-main/install/fishbot_navigation2/share/fishbot_navigation2/package.zsh'
[1.395s] Level 1:colcon.colcon_core.environment:create_file_with_runtime_dependencies(/home/fml/ros-main/install/fishbot_navigation2/share/colcon-core/packages/fishbot_navigation2)
[1.395s] Level 1:colcon.colcon_core.environment:create_environment_scripts_only(fishbot_navigation2)
[1.395s] Level 1:colcon.colcon_core.environment:checking '/home/fml/ros-main/install/fishbot_navigation2' for CMake module files
[1.395s] Level 1:colcon.colcon_core.environment:checking '/home/fml/ros-main/install/fishbot_navigation2' for CMake config files
[1.395s] Level 1:colcon.colcon_core.shell:create_environment_hook('fishbot_navigation2', 'cmake_prefix_path')
[1.396s] INFO:colcon.colcon_core.shell:Creating environment hook '/home/fml/ros-main/install/fishbot_navigation2/share/fishbot_navigation2/hook/cmake_prefix_path.ps1'
[1.396s] INFO:colcon.colcon_core.shell:Creating environment descriptor '/home/fml/ros-main/install/fishbot_navigation2/share/fishbot_navigation2/hook/cmake_prefix_path.dsv'
[1.396s] INFO:colcon.colcon_core.shell:Creating environment hook '/home/fml/ros-main/install/fishbot_navigation2/share/fishbot_navigation2/hook/cmake_prefix_path.sh'
[1.396s] Level 1:colcon.colcon_core.environment:checking '/home/fml/ros-main/install/fishbot_navigation2/bin'
[1.397s] Level 1:colcon.colcon_core.environment:checking '/home/fml/ros-main/install/fishbot_navigation2/lib/pkgconfig/fishbot_navigation2.pc'
[1.397s] Level 1:colcon.colcon_core.environment:checking '/home/fml/ros-main/install/fishbot_navigation2/lib/python3.10/site-packages'
[1.397s] Level 1:colcon.colcon_core.environment:checking '/home/fml/ros-main/install/fishbot_navigation2/bin'
[1.397s] INFO:colcon.colcon_core.shell:Creating package script '/home/fml/ros-main/install/fishbot_navigation2/share/fishbot_navigation2/package.ps1'
[1.397s] INFO:colcon.colcon_core.shell:Creating package descriptor '/home/fml/ros-main/install/fishbot_navigation2/share/fishbot_navigation2/package.dsv'
[1.398s] INFO:colcon.colcon_core.shell:Creating package script '/home/fml/ros-main/install/fishbot_navigation2/share/fishbot_navigation2/package.sh'
[1.399s] INFO:colcon.colcon_core.shell:Creating package script '/home/fml/ros-main/install/fishbot_navigation2/share/fishbot_navigation2/package.bash'
[1.400s] INFO:colcon.colcon_core.shell:Creating package script '/home/fml/ros-main/install/fishbot_navigation2/share/fishbot_navigation2/package.zsh'
[1.400s] Level 1:colcon.colcon_core.environment:create_file_with_runtime_dependencies(/home/fml/ros-main/install/fishbot_navigation2/share/colcon-core/packages/fishbot_navigation2)
[1.400s] INFO:colcon.colcon_ros.task.ament_cmake.build:Building ROS package in '/home/fml/ros-main/src/nav2_custom_controller' with build type 'ament_cmake'
[1.404s] INFO:colcon.colcon_cmake.task.cmake.build:Building CMake package in '/home/fml/ros-main/src/nav2_custom_controller'
[1.404s] INFO:colcon.colcon_core.shell:Skip shell extension 'powershell' for command environment: Not usable outside of PowerShell
[1.404s] DEBUG:colcon.colcon_core.shell:Skip shell extension 'dsv' for command environment
[1.412s] Level 1:colcon.colcon_core.environment:create_environment_scripts_only(fishbot_description)
[1.412s] Level 1:colcon.colcon_core.environment:checking '/home/fml/ros-main/install/fishbot_description' for CMake module files
[1.413s] Level 1:colcon.colcon_core.environment:checking '/home/fml/ros-main/install/fishbot_description' for CMake config files
[1.413s] Level 1:colcon.colcon_core.shell:create_environment_hook('fishbot_description', 'cmake_prefix_path')
[1.414s] INFO:colcon.colcon_core.shell:Creating environment hook '/home/fml/ros-main/install/fishbot_description/share/fishbot_description/hook/cmake_prefix_path.ps1'
[1.414s] INFO:colcon.colcon_core.shell:Creating environment descriptor '/home/fml/ros-main/install/fishbot_description/share/fishbot_description/hook/cmake_prefix_path.dsv'
[1.414s] INFO:colcon.colcon_core.shell:Creating environment hook '/home/fml/ros-main/install/fishbot_description/share/fishbot_description/hook/cmake_prefix_path.sh'
[1.418s] Level 1:colcon.colcon_core.environment:checking '/home/fml/ros-main/install/fishbot_description/lib'
[1.418s] Level 1:colcon.colcon_core.environment:checking '/home/fml/ros-main/install/fishbot_description/bin'
[1.418s] Level 1:colcon.colcon_core.environment:checking '/home/fml/ros-main/install/fishbot_description/lib/pkgconfig/fishbot_description.pc'
[1.418s] Level 1:colcon.colcon_core.environment:checking '/home/fml/ros-main/install/fishbot_description/lib/python3.10/site-packages'
[1.418s] Level 1:colcon.colcon_core.environment:checking '/home/fml/ros-main/install/fishbot_description/bin'
[1.418s] INFO:colcon.colcon_core.shell:Creating package script '/home/fml/ros-main/install/fishbot_description/share/fishbot_description/package.ps1'
[1.419s] INFO:colcon.colcon_core.shell:Creating package descriptor '/home/fml/ros-main/install/fishbot_description/share/fishbot_description/package.dsv'
[1.420s] INFO:colcon.colcon_core.shell:Creating package script '/home/fml/ros-main/install/fishbot_description/share/fishbot_description/package.sh'
[1.420s] INFO:colcon.colcon_core.shell:Creating package script '/home/fml/ros-main/install/fishbot_description/share/fishbot_description/package.bash'
[1.420s] INFO:colcon.colcon_core.shell:Creating package script '/home/fml/ros-main/install/fishbot_description/share/fishbot_description/package.zsh'
[1.421s] DEBUG:colcon.colcon_core.event_handler.log_command:Invoking command in '/home/fml/ros-main/build/nav2_custom_controller': CMAKE_PREFIX_PATH=/opt/ros/humble /usr/bin/cmake /home/fml/ros-main/src/nav2_custom_controller -DCMAKE_INSTALL_PREFIX=/home/fml/ros-main/install/nav2_custom_controller
[1.421s] DEBUG:colcon.colcon_core.event_handler.log_command:Invoked command in '/home/fml/ros-main/build/fishbot_description' returned '0': CMAKE_PREFIX_PATH=/opt/ros/humble /usr/bin/cmake --install /home/fml/ros-main/build/fishbot_description
[1.422s] Level 1:colcon.colcon_core.environment:create_file_with_runtime_dependencies(/home/fml/ros-main/install/fishbot_description/share/colcon-core/packages/fishbot_description)
[1.422s] Level 1:colcon.colcon_core.environment:create_environment_scripts_only(fishbot_description)
[1.424s] Level 1:colcon.colcon_core.environment:checking '/home/fml/ros-main/install/fishbot_description' for CMake module files
[1.424s] Level 1:colcon.colcon_core.environment:checking '/home/fml/ros-main/install/fishbot_description' for CMake config files
[1.425s] Level 1:colcon.colcon_core.shell:create_environment_hook('fishbot_description', 'cmake_prefix_path')
[1.426s] INFO:colcon.colcon_core.shell:Creating environment hook '/home/fml/ros-main/install/fishbot_description/share/fishbot_description/hook/cmake_prefix_path.ps1'
[1.427s] INFO:colcon.colcon_core.shell:Creating environment descriptor '/home/fml/ros-main/install/fishbot_description/share/fishbot_description/hook/cmake_prefix_path.dsv'
[1.427s] INFO:colcon.colcon_core.shell:Creating environment hook '/home/fml/ros-main/install/fishbot_description/share/fishbot_description/hook/cmake_prefix_path.sh'
[1.428s] Level 1:colcon.colcon_core.environment:checking '/home/fml/ros-main/install/fishbot_description/lib'
[1.429s] Level 1:colcon.colcon_core.environment:checking '/home/fml/ros-main/install/fishbot_description/bin'
[1.429s] Level 1:colcon.colcon_core.environment:checking '/home/fml/ros-main/install/fishbot_description/lib/pkgconfig/fishbot_description.pc'
[1.429s] Level 1:colcon.colcon_core.environment:checking '/home/fml/ros-main/install/fishbot_description/lib/python3.10/site-packages'
[1.429s] Level 1:colcon.colcon_core.environment:checking '/home/fml/ros-main/install/fishbot_description/bin'
[1.429s] INFO:colcon.colcon_core.shell:Creating package script '/home/fml/ros-main/install/fishbot_description/share/fishbot_description/package.ps1'
[1.430s] INFO:colcon.colcon_core.shell:Creating package descriptor '/home/fml/ros-main/install/fishbot_description/share/fishbot_description/package.dsv'
[1.431s] INFO:colcon.colcon_core.shell:Creating package script '/home/fml/ros-main/install/fishbot_description/share/fishbot_description/package.sh'
[1.431s] INFO:colcon.colcon_core.shell:Creating package script '/home/fml/ros-main/install/fishbot_description/share/fishbot_description/package.bash'
[1.431s] INFO:colcon.colcon_core.shell:Creating package script '/home/fml/ros-main/install/fishbot_description/share/fishbot_description/package.zsh'
[1.432s] Level 1:colcon.colcon_core.environment:create_file_with_runtime_dependencies(/home/fml/ros-main/install/fishbot_description/share/colcon-core/packages/fishbot_description)
[1.432s] INFO:colcon.colcon_ros.task.ament_cmake.build:Building ROS package in '/home/fml/ros-main/src/nav2_custom_planner' with build type 'ament_cmake'
[1.432s] INFO:colcon.colcon_cmake.task.cmake.build:Building CMake package in '/home/fml/ros-main/src/nav2_custom_planner'
[1.432s] INFO:colcon.colcon_core.shell:Skip shell extension 'powershell' for command environment: Not usable outside of PowerShell
[1.432s] DEBUG:colcon.colcon_core.shell:Skip shell extension 'dsv' for command environment
[1.443s] DEBUG:colcon.colcon_core.event_handler.log_command:Invoking command in '/home/fml/ros-main/build/nav2_custom_planner': CMAKE_PREFIX_PATH=/opt/ros/humble /usr/bin/cmake /home/fml/ros-main/src/nav2_custom_planner -DCMAKE_INSTALL_PREFIX=/home/fml/ros-main/install/nav2_custom_planner
[3.132s] DEBUG:colcon.colcon_core.event_handler.log_command:Invoked command in '/home/fml/ros-main/build/nav2_custom_controller' returned '0': CMAKE_PREFIX_PATH=/opt/ros/humble /usr/bin/cmake /home/fml/ros-main/src/nav2_custom_controller -DCMAKE_INSTALL_PREFIX=/home/fml/ros-main/install/nav2_custom_controller
[3.138s] DEBUG:colcon.colcon_core.event_handler.log_command:Invoking command in '/home/fml/ros-main/build/nav2_custom_controller': CMAKE_PREFIX_PATH=/opt/ros/humble /usr/bin/cmake --build /home/fml/ros-main/build/nav2_custom_controller -- -j2 -l2
[3.160s] DEBUG:colcon.colcon_core.event_handler.log_command:Invoked command in '/home/fml/ros-main/build/nav2_custom_planner' returned '0': CMAKE_PREFIX_PATH=/opt/ros/humble /usr/bin/cmake /home/fml/ros-main/src/nav2_custom_planner -DCMAKE_INSTALL_PREFIX=/home/fml/ros-main/install/nav2_custom_planner
[3.160s] DEBUG:colcon.colcon_core.event_handler.log_command:Invoking command in '/home/fml/ros-main/build/nav2_custom_planner': CMAKE_PREFIX_PATH=/opt/ros/humble /usr/bin/cmake --build /home/fml/ros-main/build/nav2_custom_planner -- -j2 -l2
[9.702s] DEBUG:colcon.colcon_core.event_handler.log_command:Invoked command in '/home/fml/ros-main/build/nav2_custom_planner' returned '0': CMAKE_PREFIX_PATH=/opt/ros/humble /usr/bin/cmake --build /home/fml/ros-main/build/nav2_custom_planner -- -j2 -l2
[9.703s] DEBUG:colcon.colcon_core.event_handler.log_command:Invoking command in '/home/fml/ros-main/build/nav2_custom_planner': CMAKE_PREFIX_PATH=/opt/ros/humble /usr/bin/cmake --install /home/fml/ros-main/build/nav2_custom_planner
[9.726s] Level 1:colcon.colcon_core.environment:create_environment_scripts_only(nav2_custom_planner)
[9.726s] Level 1:colcon.colcon_core.environment:checking '/home/fml/ros-main/install/nav2_custom_planner' for CMake module files
[9.727s] Level 1:colcon.colcon_core.environment:checking '/home/fml/ros-main/install/nav2_custom_planner' for CMake config files
[9.727s] Level 1:colcon.colcon_core.shell:create_environment_hook('nav2_custom_planner', 'cmake_prefix_path')
[9.728s] INFO:colcon.colcon_core.shell:Creating environment hook '/home/fml/ros-main/install/nav2_custom_planner/share/nav2_custom_planner/hook/cmake_prefix_path.ps1'
[9.728s] DEBUG:colcon.colcon_core.event_handler.log_command:Invoked command in '/home/fml/ros-main/build/nav2_custom_planner' returned '0': CMAKE_PREFIX_PATH=/opt/ros/humble /usr/bin/cmake --install /home/fml/ros-main/build/nav2_custom_planner
[9.729s] INFO:colcon.colcon_core.shell:Creating environment descriptor '/home/fml/ros-main/install/nav2_custom_planner/share/nav2_custom_planner/hook/cmake_prefix_path.dsv'
[9.729s] INFO:colcon.colcon_core.shell:Creating environment hook '/home/fml/ros-main/install/nav2_custom_planner/share/nav2_custom_planner/hook/cmake_prefix_path.sh'
[9.730s] Level 1:colcon.colcon_core.environment:checking '/home/fml/ros-main/install/nav2_custom_planner/lib'
[9.730s] Level 1:colcon.colcon_core.shell:create_environment_hook('nav2_custom_planner', 'ld_library_path_lib')
[9.731s] INFO:colcon.colcon_core.shell:Creating environment hook '/home/fml/ros-main/install/nav2_custom_planner/share/nav2_custom_planner/hook/ld_library_path_lib.ps1'
[9.733s] INFO:colcon.colcon_core.shell:Creating environment descriptor '/home/fml/ros-main/install/nav2_custom_planner/share/nav2_custom_planner/hook/ld_library_path_lib.dsv'
[9.733s] INFO:colcon.colcon_core.shell:Creating environment hook '/home/fml/ros-main/install/nav2_custom_planner/share/nav2_custom_planner/hook/ld_library_path_lib.sh'
[9.733s] Level 1:colcon.colcon_core.environment:checking '/home/fml/ros-main/install/nav2_custom_planner/bin'
[9.733s] Level 1:colcon.colcon_core.environment:checking '/home/fml/ros-main/install/nav2_custom_planner/lib/pkgconfig/nav2_custom_planner.pc'
[9.733s] Level 1:colcon.colcon_core.environment:checking '/home/fml/ros-main/install/nav2_custom_planner/lib/python3.10/site-packages'
[9.735s] Level 1:colcon.colcon_core.environment:checking '/home/fml/ros-main/install/nav2_custom_planner/bin'
[9.735s] INFO:colcon.colcon_core.shell:Creating package script '/home/fml/ros-main/install/nav2_custom_planner/share/nav2_custom_planner/package.ps1'
[9.737s] INFO:colcon.colcon_core.shell:Creating package descriptor '/home/fml/ros-main/install/nav2_custom_planner/share/nav2_custom_planner/package.dsv'
[9.738s] INFO:colcon.colcon_core.shell:Creating package script '/home/fml/ros-main/install/nav2_custom_planner/share/nav2_custom_planner/package.sh'
[9.738s] INFO:colcon.colcon_core.shell:Creating package script '/home/fml/ros-main/install/nav2_custom_planner/share/nav2_custom_planner/package.bash'
[9.739s] INFO:colcon.colcon_core.shell:Creating package script '/home/fml/ros-main/install/nav2_custom_planner/share/nav2_custom_planner/package.zsh'
[9.739s] Level 1:colcon.colcon_core.environment:create_file_with_runtime_dependencies(/home/fml/ros-main/install/nav2_custom_planner/share/colcon-core/packages/nav2_custom_planner)
[9.740s] Level 1:colcon.colcon_core.environment:create_environment_scripts_only(nav2_custom_planner)
[9.740s] Level 1:colcon.colcon_core.environment:checking '/home/fml/ros-main/install/nav2_custom_planner' for CMake module files
[9.740s] Level 1:colcon.colcon_core.environment:checking '/home/fml/ros-main/install/nav2_custom_planner' for CMake config files
[9.740s] Level 1:colcon.colcon_core.shell:create_environment_hook('nav2_custom_planner', 'cmake_prefix_path')
[9.743s] INFO:colcon.colcon_core.shell:Creating environment hook '/home/fml/ros-main/install/nav2_custom_planner/share/nav2_custom_planner/hook/cmake_prefix_path.ps1'
[9.744s] INFO:colcon.colcon_core.shell:Creating environment descriptor '/home/fml/ros-main/install/nav2_custom_planner/share/nav2_custom_planner/hook/cmake_prefix_path.dsv'
[9.745s] INFO:colcon.colcon_core.shell:Creating environment hook '/home/fml/ros-main/install/nav2_custom_planner/share/nav2_custom_planner/hook/cmake_prefix_path.sh'
[9.747s] Level 1:colcon.colcon_core.environment:checking '/home/fml/ros-main/install/nav2_custom_planner/lib'
[9.747s] Level 1:colcon.colcon_core.shell:create_environment_hook('nav2_custom_planner', 'ld_library_path_lib')
[9.747s] INFO:colcon.colcon_core.shell:Creating environment hook '/home/fml/ros-main/install/nav2_custom_planner/share/nav2_custom_planner/hook/ld_library_path_lib.ps1'
[9.748s] INFO:colcon.colcon_core.shell:Creating environment descriptor '/home/fml/ros-main/install/nav2_custom_planner/share/nav2_custom_planner/hook/ld_library_path_lib.dsv'
[9.749s] INFO:colcon.colcon_core.shell:Creating environment hook '/home/fml/ros-main/install/nav2_custom_planner/share/nav2_custom_planner/hook/ld_library_path_lib.sh'
[9.749s] Level 1:colcon.colcon_core.environment:checking '/home/fml/ros-main/install/nav2_custom_planner/bin'
[9.749s] Level 1:colcon.colcon_core.environment:checking '/home/fml/ros-main/install/nav2_custom_planner/lib/pkgconfig/nav2_custom_planner.pc'
[9.750s] Level 1:colcon.colcon_core.environment:checking '/home/fml/ros-main/install/nav2_custom_planner/lib/python3.10/site-packages'
[9.750s] Level 1:colcon.colcon_core.environment:checking '/home/fml/ros-main/install/nav2_custom_planner/bin'
[9.750s] INFO:colcon.colcon_core.shell:Creating package script '/home/fml/ros-main/install/nav2_custom_planner/share/nav2_custom_planner/package.ps1'
[9.750s] INFO:colcon.colcon_core.shell:Creating package descriptor '/home/fml/ros-main/install/nav2_custom_planner/share/nav2_custom_planner/package.dsv'
[9.751s] INFO:colcon.colcon_core.shell:Creating package script '/home/fml/ros-main/install/nav2_custom_planner/share/nav2_custom_planner/package.sh'
[9.751s] INFO:colcon.colcon_core.shell:Creating package script '/home/fml/ros-main/install/nav2_custom_planner/share/nav2_custom_planner/package.bash'
[9.752s] INFO:colcon.colcon_core.shell:Creating package script '/home/fml/ros-main/install/nav2_custom_planner/share/nav2_custom_planner/package.zsh'
[9.752s] Level 1:colcon.colcon_core.environment:create_file_with_runtime_dependencies(/home/fml/ros-main/install/nav2_custom_planner/share/colcon-core/packages/nav2_custom_planner)
[9.754s] INFO:colcon.colcon_ros.task.ament_cmake.build:Building ROS package in '/home/fml/ros-main/src/pointcloud_merger' with build type 'ament_cmake'
[9.754s] INFO:colcon.colcon_cmake.task.cmake.build:Building CMake package in '/home/fml/ros-main/src/pointcloud_merger'
[9.755s] INFO:colcon.colcon_core.shell:Skip shell extension 'powershell' for command environment: Not usable outside of PowerShell
[9.755s] DEBUG:colcon.colcon_core.shell:Skip shell extension 'dsv' for command environment
[9.772s] DEBUG:colcon.colcon_core.event_handler.log_command:Invoking command in '/home/fml/ros-main/build/pointcloud_merger': CMAKE_PREFIX_PATH=/opt/ros/humble /usr/bin/cmake /home/fml/ros-main/src/pointcloud_merger -DCMAKE_INSTALL_PREFIX=/home/fml/ros-main/install/pointcloud_merger
[11.103s] DEBUG:colcon.colcon_core.event_handler.log_command:Invoked command in '/home/fml/ros-main/build/nav2_custom_controller' returned '0': CMAKE_PREFIX_PATH=/opt/ros/humble /usr/bin/cmake --build /home/fml/ros-main/build/nav2_custom_controller -- -j2 -l2
[11.109s] DEBUG:colcon.colcon_core.event_handler.log_command:Invoking command in '/home/fml/ros-main/build/nav2_custom_controller': CMAKE_PREFIX_PATH=/opt/ros/humble /usr/bin/cmake --install /home/fml/ros-main/build/nav2_custom_controller
[11.128s] Level 1:colcon.colcon_core.environment:create_environment_scripts_only(nav2_custom_controller)
[11.128s] DEBUG:colcon.colcon_core.event_handler.log_command:Invoked command in '/home/fml/ros-main/build/nav2_custom_controller' returned '0': CMAKE_PREFIX_PATH=/opt/ros/humble /usr/bin/cmake --install /home/fml/ros-main/build/nav2_custom_controller
[11.129s] Level 1:colcon.colcon_core.environment:checking '/home/fml/ros-main/install/nav2_custom_controller' for CMake module files
[11.129s] Level 1:colcon.colcon_core.environment:checking '/home/fml/ros-main/install/nav2_custom_controller' for CMake config files
[11.129s] Level 1:colcon.colcon_core.shell:create_environment_hook('nav2_custom_controller', 'cmake_prefix_path')
[11.129s] INFO:colcon.colcon_core.shell:Creating environment hook '/home/fml/ros-main/install/nav2_custom_controller/share/nav2_custom_controller/hook/cmake_prefix_path.ps1'
[11.129s] INFO:colcon.colcon_core.shell:Creating environment descriptor '/home/fml/ros-main/install/nav2_custom_controller/share/nav2_custom_controller/hook/cmake_prefix_path.dsv'
[11.130s] INFO:colcon.colcon_core.shell:Creating environment hook '/home/fml/ros-main/install/nav2_custom_controller/share/nav2_custom_controller/hook/cmake_prefix_path.sh'
[11.130s] Level 1:colcon.colcon_core.environment:checking '/home/fml/ros-main/install/nav2_custom_controller/lib'
[11.130s] Level 1:colcon.colcon_core.shell:create_environment_hook('nav2_custom_controller', 'ld_library_path_lib')
[11.130s] INFO:colcon.colcon_core.shell:Creating environment hook '/home/fml/ros-main/install/nav2_custom_controller/share/nav2_custom_controller/hook/ld_library_path_lib.ps1'
[11.131s] INFO:colcon.colcon_core.shell:Creating environment descriptor '/home/fml/ros-main/install/nav2_custom_controller/share/nav2_custom_controller/hook/ld_library_path_lib.dsv'
[11.131s] INFO:colcon.colcon_core.shell:Creating environment hook '/home/fml/ros-main/install/nav2_custom_controller/share/nav2_custom_controller/hook/ld_library_path_lib.sh'
[11.131s] Level 1:colcon.colcon_core.environment:checking '/home/fml/ros-main/install/nav2_custom_controller/bin'
[11.132s] Level 1:colcon.colcon_core.environment:checking '/home/fml/ros-main/install/nav2_custom_controller/lib/pkgconfig/nav2_custom_controller.pc'
[11.132s] Level 1:colcon.colcon_core.environment:checking '/home/fml/ros-main/install/nav2_custom_controller/lib/python3.10/site-packages'
[11.132s] Level 1:colcon.colcon_core.environment:checking '/home/fml/ros-main/install/nav2_custom_controller/bin'
[11.132s] INFO:colcon.colcon_core.shell:Creating package script '/home/fml/ros-main/install/nav2_custom_controller/share/nav2_custom_controller/package.ps1'
[11.133s] INFO:colcon.colcon_core.shell:Creating package descriptor '/home/fml/ros-main/install/nav2_custom_controller/share/nav2_custom_controller/package.dsv'
[11.133s] INFO:colcon.colcon_core.shell:Creating package script '/home/fml/ros-main/install/nav2_custom_controller/share/nav2_custom_controller/package.sh'
[11.134s] INFO:colcon.colcon_core.shell:Creating package script '/home/fml/ros-main/install/nav2_custom_controller/share/nav2_custom_controller/package.bash'
[11.135s] INFO:colcon.colcon_core.shell:Creating package script '/home/fml/ros-main/install/nav2_custom_controller/share/nav2_custom_controller/package.zsh'
[11.135s] Level 1:colcon.colcon_core.environment:create_file_with_runtime_dependencies(/home/fml/ros-main/install/nav2_custom_controller/share/colcon-core/packages/nav2_custom_controller)
[11.136s] Level 1:colcon.colcon_core.environment:create_environment_scripts_only(nav2_custom_controller)
[11.136s] Level 1:colcon.colcon_core.environment:checking '/home/fml/ros-main/install/nav2_custom_controller' for CMake module files
[11.136s] Level 1:colcon.colcon_core.environment:checking '/home/fml/ros-main/install/nav2_custom_controller' for CMake config files
[11.136s] Level 1:colcon.colcon_core.shell:create_environment_hook('nav2_custom_controller', 'cmake_prefix_path')
[11.136s] INFO:colcon.colcon_core.shell:Creating environment hook '/home/fml/ros-main/install/nav2_custom_controller/share/nav2_custom_controller/hook/cmake_prefix_path.ps1'
[11.137s] INFO:colcon.colcon_core.shell:Creating environment descriptor '/home/fml/ros-main/install/nav2_custom_controller/share/nav2_custom_controller/hook/cmake_prefix_path.dsv'
[11.138s] INFO:colcon.colcon_core.shell:Creating environment hook '/home/fml/ros-main/install/nav2_custom_controller/share/nav2_custom_controller/hook/cmake_prefix_path.sh'
[11.138s] Level 1:colcon.colcon_core.environment:checking '/home/fml/ros-main/install/nav2_custom_controller/lib'
[11.138s] Level 1:colcon.colcon_core.shell:create_environment_hook('nav2_custom_controller', 'ld_library_path_lib')
[11.138s] INFO:colcon.colcon_core.shell:Creating environment hook '/home/fml/ros-main/install/nav2_custom_controller/share/nav2_custom_controller/hook/ld_library_path_lib.ps1'
[11.138s] INFO:colcon.colcon_core.shell:Creating environment descriptor '/home/fml/ros-main/install/nav2_custom_controller/share/nav2_custom_controller/hook/ld_library_path_lib.dsv'
[11.139s] INFO:colcon.colcon_core.shell:Creating environment hook '/home/fml/ros-main/install/nav2_custom_controller/share/nav2_custom_controller/hook/ld_library_path_lib.sh'
[11.139s] Level 1:colcon.colcon_core.environment:checking '/home/fml/ros-main/install/nav2_custom_controller/bin'
[11.139s] Level 1:colcon.colcon_core.environment:checking '/home/fml/ros-main/install/nav2_custom_controller/lib/pkgconfig/nav2_custom_controller.pc'
[11.139s] Level 1:colcon.colcon_core.environment:checking '/home/fml/ros-main/install/nav2_custom_controller/lib/python3.10/site-packages'
[11.140s] Level 1:colcon.colcon_core.environment:checking '/home/fml/ros-main/install/nav2_custom_controller/bin'
[11.140s] INFO:colcon.colcon_core.shell:Creating package script '/home/fml/ros-main/install/nav2_custom_controller/share/nav2_custom_controller/package.ps1'
[11.140s] INFO:colcon.colcon_core.shell:Creating package descriptor '/home/fml/ros-main/install/nav2_custom_controller/share/nav2_custom_controller/package.dsv'
[11.141s] INFO:colcon.colcon_core.shell:Creating package script '/home/fml/ros-main/install/nav2_custom_controller/share/nav2_custom_controller/package.sh'
[11.141s] INFO:colcon.colcon_core.shell:Creating package script '/home/fml/ros-main/install/nav2_custom_controller/share/nav2_custom_controller/package.bash'
[11.141s] INFO:colcon.colcon_core.shell:Creating package script '/home/fml/ros-main/install/nav2_custom_controller/share/nav2_custom_controller/package.zsh'
[11.142s] Level 1:colcon.colcon_core.environment:create_file_with_runtime_dependencies(/home/fml/ros-main/install/nav2_custom_controller/share/colcon-core/packages/nav2_custom_controller)
[12.982s] DEBUG:colcon.colcon_core.event_handler.log_command:Invoked command in '/home/fml/ros-main/build/pointcloud_merger' returned '1': CMAKE_PREFIX_PATH=/opt/ros/humble /usr/bin/cmake /home/fml/ros-main/src/pointcloud_merger -DCMAKE_INSTALL_PREFIX=/home/fml/ros-main/install/pointcloud_merger
[13.007s] Level 1:colcon.colcon_core.environment:create_environment_scripts_only(pointcloud_merger)
[13.008s] Level 1:colcon.colcon_core.environment:checking '/home/fml/ros-main/install/pointcloud_merger' for CMake module files
[13.008s] Level 1:colcon.colcon_core.environment:checking '/home/fml/ros-main/install/pointcloud_merger' for CMake config files
[13.008s] Level 1:colcon.colcon_core.environment:checking '/home/fml/ros-main/install/pointcloud_merger/bin'
[13.008s] Level 1:colcon.colcon_core.environment:checking '/home/fml/ros-main/install/pointcloud_merger/lib/pkgconfig/pointcloud_merger.pc'
[13.009s] Level 1:colcon.colcon_core.environment:checking '/home/fml/ros-main/install/pointcloud_merger/lib/python3.10/site-packages'
[13.009s] Level 1:colcon.colcon_core.environment:checking '/home/fml/ros-main/install/pointcloud_merger/bin'
[13.009s] INFO:colcon.colcon_core.shell:Creating package script '/home/fml/ros-main/install/pointcloud_merger/share/pointcloud_merger/package.ps1'
[13.009s] INFO:colcon.colcon_core.shell:Creating package descriptor '/home/fml/ros-main/install/pointcloud_merger/share/pointcloud_merger/package.dsv'
[13.012s] INFO:colcon.colcon_core.shell:Creating package script '/home/fml/ros-main/install/pointcloud_merger/share/pointcloud_merger/package.sh'
[13.012s] INFO:colcon.colcon_core.shell:Creating package script '/home/fml/ros-main/install/pointcloud_merger/share/pointcloud_merger/package.bash'
[13.012s] INFO:colcon.colcon_core.shell:Creating package script '/home/fml/ros-main/install/pointcloud_merger/share/pointcloud_merger/package.zsh'
[13.012s] Level 1:colcon.colcon_core.environment:create_file_with_runtime_dependencies(/home/fml/ros-main/install/pointcloud_merger/share/colcon-core/packages/pointcloud_merger)
[13.023s] DEBUG:colcon.colcon_parallel_executor.executor.parallel:closing loop
[13.023s] DEBUG:colcon.colcon_parallel_executor.executor.parallel:loop closed
[13.023s] DEBUG:colcon.colcon_parallel_executor.executor.parallel:run_until_complete finished with '1'
[13.024s] DEBUG:colcon.colcon_core.event_reactor:joining thread
[13.051s] INFO:colcon.colcon_core.plugin_system:Skipping extension 'colcon_notification.desktop_notification.terminal_notifier': Not used on non-Darwin systems
[13.051s] INFO:colcon.colcon_core.plugin_system:Skipping extension 'colcon_notification.desktop_notification.win32': Not used on non-Windows systems
[13.051s] INFO:colcon.colcon_notification.desktop_notification:Sending desktop notification using 'notify2'
[13.220s] DEBUG:colcon.colcon_core.event_reactor:joined thread
[13.220s] INFO:colcon.colcon_core.shell:Creating prefix script '/home/fml/ros-main/install/local_setup.ps1'
[13.221s] INFO:colcon.colcon_core.shell:Creating prefix util module '/home/fml/ros-main/install/_local_setup_util_ps1.py'
[13.223s] INFO:colcon.colcon_core.shell:Creating prefix chain script '/home/fml/ros-main/install/setup.ps1'
[13.224s] INFO:colcon.colcon_core.shell:Creating prefix script '/home/fml/ros-main/install/local_setup.sh'
[13.225s] INFO:colcon.colcon_core.shell:Creating prefix util module '/home/fml/ros-main/install/_local_setup_util_sh.py'
[13.225s] INFO:colcon.colcon_core.shell:Creating prefix chain script '/home/fml/ros-main/install/setup.sh'
[13.226s] INFO:colcon.colcon_core.shell:Creating prefix script '/home/fml/ros-main/install/local_setup.bash'
[13.227s] INFO:colcon.colcon_core.shell:Creating prefix chain script '/home/fml/ros-main/install/setup.bash'
[13.228s] INFO:colcon.colcon_core.shell:Creating prefix script '/home/fml/ros-main/install/local_setup.zsh'
[13.228s] INFO:colcon.colcon_core.shell:Creating prefix chain script '/home/fml/ros-main/install/setup.zsh'
