[0.017s] Invoking command in '/home/fml/ros-main/build/nav2_custom_planner': CMAKE_PREFIX_PATH=${CMAKE_PREFIX_PATH}:/opt/ros/humble /usr/bin/cmake --build /home/fml/ros-main/build/nav2_custom_planner -- -j2 -l2
[0.099s] [100%] Built target nav2_custom_planner_plugin
[0.113s] Invoked command in '/home/fml/ros-main/build/nav2_custom_planner' returned '0': CMAKE_PREFIX_PATH=${CMAKE_PREFIX_PATH}:/opt/ros/humble /usr/bin/cmake --build /home/fml/ros-main/build/nav2_custom_planner -- -j2 -l2
[0.118s] Invoking command in '/home/fml/ros-main/build/nav2_custom_planner': CMAKE_PREFIX_PATH=${CMAKE_PREFIX_PATH}:/opt/ros/humble /usr/bin/cmake --install /home/fml/ros-main/build/nav2_custom_planner
[0.127s] -- Install configuration: ""
[0.128s] -- Up-to-date: /home/fml/ros-main/install/nav2_custom_planner/lib/libnav2_custom_planner_plugin.so
[0.128s] -- Up-to-date: /home/fml/ros-main/install/nav2_custom_planner/include/
[0.128s] -- Up-to-date: /home/fml/ros-main/install/nav2_custom_planner/include//nav2_custom_planner
[0.128s] -- Up-to-date: /home/fml/ros-main/install/nav2_custom_planner/include//nav2_custom_planner/nav2_custom_planner.hpp
[0.129s] -- Up-to-date: /home/fml/ros-main/install/nav2_custom_planner/share/nav2_custom_planner/custom_planner_plugin.xml
[0.129s] -- Up-to-date: /home/fml/ros-main/install/nav2_custom_planner/share/ament_index/resource_index/package_run_dependencies/nav2_custom_planner
[0.129s] -- Up-to-date: /home/fml/ros-main/install/nav2_custom_planner/share/ament_index/resource_index/parent_prefix_path/nav2_custom_planner
[0.129s] -- Up-to-date: /home/fml/ros-main/install/nav2_custom_planner/share/nav2_custom_planner/environment/ament_prefix_path.sh
[0.129s] -- Up-to-date: /home/fml/ros-main/install/nav2_custom_planner/share/nav2_custom_planner/environment/ament_prefix_path.dsv
[0.129s] -- Up-to-date: /home/fml/ros-main/install/nav2_custom_planner/share/nav2_custom_planner/environment/path.sh
[0.130s] -- Up-to-date: /home/fml/ros-main/install/nav2_custom_planner/share/nav2_custom_planner/environment/path.dsv
[0.130s] -- Up-to-date: /home/fml/ros-main/install/nav2_custom_planner/share/nav2_custom_planner/local_setup.bash
[0.130s] -- Up-to-date: /home/fml/ros-main/install/nav2_custom_planner/share/nav2_custom_planner/local_setup.sh
[0.130s] -- Up-to-date: /home/fml/ros-main/install/nav2_custom_planner/share/nav2_custom_planner/local_setup.zsh
[0.130s] -- Up-to-date: /home/fml/ros-main/install/nav2_custom_planner/share/nav2_custom_planner/local_setup.dsv
[0.130s] -- Installing: /home/fml/ros-main/install/nav2_custom_planner/share/nav2_custom_planner/package.dsv
[0.130s] -- Up-to-date: /home/fml/ros-main/install/nav2_custom_planner/share/ament_index/resource_index/packages/nav2_custom_planner
[0.130s] -- Up-to-date: /home/fml/ros-main/install/nav2_custom_planner/share/ament_index/resource_index/nav2_core__pluginlib__plugin/nav2_custom_planner
[0.130s] -- Up-to-date: /home/fml/ros-main/install/nav2_custom_planner/share/nav2_custom_planner/cmake/nav2_custom_plannerConfig.cmake
[0.130s] -- Up-to-date: /home/fml/ros-main/install/nav2_custom_planner/share/nav2_custom_planner/cmake/nav2_custom_plannerConfig-version.cmake
[0.130s] -- Up-to-date: /home/fml/ros-main/install/nav2_custom_planner/share/nav2_custom_planner/package.xml
[0.142s] Invoked command in '/home/fml/ros-main/build/nav2_custom_planner' returned '0': CMAKE_PREFIX_PATH=${CMAKE_PREFIX_PATH}:/opt/ros/humble /usr/bin/cmake --install /home/fml/ros-main/build/nav2_custom_planner
